2023-06-13T08:45:13Z - Starting WeatherApplication using Java 20 with PID 27296 (C:\Users\Ravi\git\repositoryweather\WeatherApp\target\classes started by Ravi in C:\Users\Ravi\git\repositoryweather\WeatherApp)
2023-06-13T08:45:13Z - No active profile set, falling back to 1 default profile: "default"
2023-06-13T08:45:13Z - Devtools property defaults active! Set 'spring.devtools.add-properties' to 'false' to disable
2023-06-13T08:45:13Z - For additional web related logging consider setting the 'logging.level.web' property to 'DEBUG'
2023-06-13T08:45:13Z - Tomcat initialized with port(s): 8080 (http)
2023-06-13T08:45:13Z - Initializing ProtocolHandler ["http-nio-0.0.0.0-8080"]
2023-06-13T08:45:13Z - Starting service [Tomcat]
2023-06-13T08:45:13Z - Starting Servlet engine: [Apache Tomcat/10.1.8]
2023-06-13T08:45:13Z - Initializing Spring embedded WebApplicationContext
2023-06-13T08:45:13Z - Root WebApplicationContext: initialization completed in 799 ms
2023-06-13T08:45:14Z - LiveReload server is running on port 35729
2023-06-13T08:45:14Z - Starting ProtocolHandler ["http-nio-0.0.0.0-8080"]
2023-06-13T08:45:14Z - Tomcat started on port(s): 8080 (http) with context path ''
2023-06-13T08:45:14Z - Started WeatherApplication in 1.553 seconds (process running for 2.489)
2023-06-13T08:46:14Z - Initializing Spring DispatcherServlet 'dispatcherServlet'
2023-06-13T08:46:14Z - Initializing Servlet 'dispatcherServlet'
2023-06-13T08:46:14Z - Completed initialization in 1 ms
2023-06-13T08:46:14Z - City : jaipur
2023-06-13T08:46:14Z - Inside : class com.weather.microservice.WeatherService.WeatherService
2023-06-13T08:46:14Z - API_KEY : f777fa895ebe5cb38334176de19e5693
2023-06-13T08:46:14Z - API_URL : http://api.openweathermap.org/data/2.5/weather
2023-06-13T08:46:14Z - Rest URL : http://api.openweathermap.org/data/2.5/weather?q=jaipur&appid=f777fa895ebe5cb38334176de19e5693
2023-06-13T08:46:14Z - Weather info fetched for JAIPUR
2023-06-13T08:48:01Z - Restarting due to 1 class path change (0 additions, 0 deletions, 1 modification)
2023-06-13T08:48:01Z - Pausing ProtocolHandler ["http-nio-0.0.0.0-8080"]
2023-06-13T08:48:01Z - Stopping service [Tomcat]
2023-06-13T08:48:01Z - Destroying Spring FrameworkServlet 'dispatcherServlet'
2023-06-13T08:48:01Z - Stopping ProtocolHandler ["http-nio-0.0.0.0-8080"]
2023-06-13T08:48:01Z - Destroying ProtocolHandler ["http-nio-0.0.0.0-8080"]
2023-06-13T08:48:02Z - Starting WeatherApplication using Java 20 with PID 27296 (C:\Users\Ravi\git\repositoryweather\WeatherApp\target\classes started by Ravi in C:\Users\Ravi\git\repositoryweather\WeatherApp)
2023-06-13T08:48:02Z - No active profile set, falling back to 1 default profile: "default"
2023-06-13T08:48:02Z - Tomcat initialized with port(s): 8080 (http)
2023-06-13T08:48:02Z - Initializing ProtocolHandler ["http-nio-0.0.0.0-8080"]
2023-06-13T08:48:02Z - Starting service [Tomcat]
2023-06-13T08:48:02Z - Starting Servlet engine: [Apache Tomcat/10.1.8]
2023-06-13T08:48:02Z - Initializing Spring embedded WebApplicationContext
2023-06-13T08:48:02Z - Root WebApplicationContext: initialization completed in 247 ms
2023-06-13T08:48:02Z - LiveReload server is running on port 35729
2023-06-13T08:48:02Z - Starting ProtocolHandler ["http-nio-0.0.0.0-8080"]
2023-06-13T08:48:02Z - Tomcat started on port(s): 8080 (http) with context path ''
2023-06-13T08:48:02Z - Started WeatherApplication in 0.444 seconds (process running for 170.525)
2023-06-13T08:48:02Z - Condition evaluation unchanged
2023-06-13T08:48:05Z - Initializing Spring DispatcherServlet 'dispatcherServlet'
2023-06-13T08:48:05Z - Initializing Servlet 'dispatcherServlet'
2023-06-13T08:48:05Z - Completed initialization in 1 ms
2023-06-13T08:48:05Z - City : jaipur
2023-06-13T08:48:05Z - Inside : class com.weather.microservice.WeatherService.WeatherService
2023-06-13T08:48:05Z - API_KEY : f777fa895ebe5cb38334176de19e5693
2023-06-13T08:48:05Z - API_URL : http://api.openweathermap.org/data/2.5/weather
2023-06-13T08:48:05Z - Rest URL : http://api.openweathermap.org/data/2.5/weather?q=jaipur&appid=f777fa895ebe5cb38334176de19e5693
2023-06-13T08:48:05Z - Weather info fetched for JAIPUR
2023-06-13T08:48:05Z - Weather info fetched for com.weather.microservice.WeatherInfo.WeatherInfo@50d080fe
2023-06-13T08:49:08Z - Restarting due to 1 class path change (0 additions, 0 deletions, 1 modification)
2023-06-13T08:49:08Z - Pausing ProtocolHandler ["http-nio-0.0.0.0-8080"]
2023-06-13T08:49:08Z - Stopping service [Tomcat]
2023-06-13T08:49:08Z - Destroying Spring FrameworkServlet 'dispatcherServlet'
2023-06-13T08:49:08Z - Stopping ProtocolHandler ["http-nio-0.0.0.0-8080"]
2023-06-13T08:49:08Z - Destroying ProtocolHandler ["http-nio-0.0.0.0-8080"]
2023-06-13T08:49:08Z - Starting WeatherApplication using Java 20 with PID 27296 (C:\Users\Ravi\git\repositoryweather\WeatherApp\target\classes started by Ravi in C:\Users\Ravi\git\repositoryweather\WeatherApp)
2023-06-13T08:49:08Z - No active profile set, falling back to 1 default profile: "default"
2023-06-13T08:49:08Z - Tomcat initialized with port(s): 8080 (http)
2023-06-13T08:49:08Z - Initializing ProtocolHandler ["http-nio-0.0.0.0-8080"]
2023-06-13T08:49:08Z - Starting service [Tomcat]
2023-06-13T08:49:08Z - Starting Servlet engine: [Apache Tomcat/10.1.8]
2023-06-13T08:49:08Z - Initializing Spring embedded WebApplicationContext
2023-06-13T08:49:08Z - Root WebApplicationContext: initialization completed in 176 ms
2023-06-13T08:49:08Z - LiveReload server is running on port 35729
2023-06-13T08:49:08Z - Starting ProtocolHandler ["http-nio-0.0.0.0-8080"]
2023-06-13T08:49:08Z - Tomcat started on port(s): 8080 (http) with context path ''
2023-06-13T08:49:08Z - Started WeatherApplication in 0.291 seconds (process running for 236.617)
2023-06-13T08:49:08Z - Condition evaluation unchanged
2023-06-13T08:49:09Z - Restarting due to 1 class path change (0 additions, 0 deletions, 1 modification)
2023-06-13T08:49:09Z - Pausing ProtocolHandler ["http-nio-0.0.0.0-8080"]
2023-06-13T08:49:09Z - Stopping service [Tomcat]
2023-06-13T08:49:09Z - Stopping ProtocolHandler ["http-nio-0.0.0.0-8080"]
2023-06-13T08:49:09Z - Destroying ProtocolHandler ["http-nio-0.0.0.0-8080"]
2023-06-13T08:49:10Z - Starting WeatherApplication using Java 20 with PID 27296 (C:\Users\Ravi\git\repositoryweather\WeatherApp\target\classes started by Ravi in C:\Users\Ravi\git\repositoryweather\WeatherApp)
2023-06-13T08:49:10Z - No active profile set, falling back to 1 default profile: "default"
2023-06-13T08:49:10Z - Tomcat initialized with port(s): 8080 (http)
2023-06-13T08:49:10Z - Initializing ProtocolHandler ["http-nio-0.0.0.0-8080"]
2023-06-13T08:49:10Z - Starting service [Tomcat]
2023-06-13T08:49:10Z - Starting Servlet engine: [Apache Tomcat/10.1.8]
2023-06-13T08:49:10Z - Initializing Spring embedded WebApplicationContext
2023-06-13T08:49:10Z - Root WebApplicationContext: initialization completed in 151 ms
2023-06-13T08:49:10Z - LiveReload server is running on port 35729
2023-06-13T08:49:10Z - Starting ProtocolHandler ["http-nio-0.0.0.0-8080"]
2023-06-13T08:49:10Z - Tomcat started on port(s): 8080 (http) with context path ''
2023-06-13T08:49:10Z - Started WeatherApplication in 0.259 seconds (process running for 238.364)
2023-06-13T08:49:10Z - Condition evaluation unchanged
2023-06-13T08:49:12Z - Initializing Spring DispatcherServlet 'dispatcherServlet'
2023-06-13T08:49:12Z - Initializing Servlet 'dispatcherServlet'
2023-06-13T08:49:12Z - Completed initialization in 0 ms
2023-06-13T08:49:12Z - City : jaipur
2023-06-13T08:49:12Z - Inside : class com.weather.microservice.WeatherService.WeatherService
2023-06-13T08:49:12Z - API_KEY : f777fa895ebe5cb38334176de19e5693
2023-06-13T08:49:12Z - API_URL : http://api.openweathermap.org/data/2.5/weather
2023-06-13T08:49:12Z - Rest URL : http://api.openweathermap.org/data/2.5/weather?q=jaipur&appid=f777fa895ebe5cb38334176de19e5693
2023-06-13T08:49:12Z - Weather info fetched for JAIPUR
2023-06-13T08:49:12Z - Weather info  : com.weather.microservice.WeatherInfo.WeatherInfo@280eb6e6
2023-06-13T08:49:12Z - Inside : class com.weather.microservice.WeatherService.WeatherService
2023-06-13T08:49:12Z - API_KEY : f777fa895ebe5cb38334176de19e5693
2023-06-13T08:49:12Z - API_URL : http://api.openweathermap.org/data/2.5/weather
2023-06-13T08:49:12Z - Rest URL : http://api.openweathermap.org/data/2.5/weather?q=jaipur&appid=f777fa895ebe5cb38334176de19e5693
2023-06-13T08:49:12Z - Weather info fetched for JAIPUR
2023-06-13T08:49:28Z - Restarting due to 1 class path change (0 additions, 0 deletions, 1 modification)
2023-06-13T08:49:28Z - Pausing ProtocolHandler ["http-nio-0.0.0.0-8080"]
2023-06-13T08:49:28Z - Stopping service [Tomcat]
2023-06-13T08:49:28Z - Destroying Spring FrameworkServlet 'dispatcherServlet'
2023-06-13T08:49:28Z - Stopping ProtocolHandler ["http-nio-0.0.0.0-8080"]
2023-06-13T08:49:28Z - Destroying ProtocolHandler ["http-nio-0.0.0.0-8080"]
2023-06-13T08:49:28Z - Starting WeatherApplication using Java 20 with PID 27296 (C:\Users\Ravi\git\repositoryweather\WeatherApp\target\classes started by Ravi in C:\Users\Ravi\git\repositoryweather\WeatherApp)
2023-06-13T08:49:28Z - No active profile set, falling back to 1 default profile: "default"
2023-06-13T08:49:28Z - Tomcat initialized with port(s): 8080 (http)
2023-06-13T08:49:28Z - Initializing ProtocolHandler ["http-nio-0.0.0.0-8080"]
2023-06-13T08:49:28Z - Starting service [Tomcat]
2023-06-13T08:49:28Z - Starting Servlet engine: [Apache Tomcat/10.1.8]
2023-06-13T08:49:28Z - Initializing Spring embedded WebApplicationContext
2023-06-13T08:49:28Z - Root WebApplicationContext: initialization completed in 161 ms
2023-06-13T08:49:28Z - LiveReload server is running on port 35729
2023-06-13T08:49:28Z - Starting ProtocolHandler ["http-nio-0.0.0.0-8080"]
2023-06-13T08:49:28Z - Tomcat started on port(s): 8080 (http) with context path ''
2023-06-13T08:49:28Z - Started WeatherApplication in 0.263 seconds (process running for 256.414)
2023-06-13T08:49:28Z - Condition evaluation unchanged
2023-06-13T09:37:50Z - Restarting due to 3 class path changes (0 additions, 0 deletions, 3 modifications)
2023-06-13T09:37:50Z - Pausing ProtocolHandler ["http-nio-0.0.0.0-8080"]
2023-06-13T09:37:50Z - Stopping service [Tomcat]
2023-06-13T09:37:50Z - Stopping ProtocolHandler ["http-nio-0.0.0.0-8080"]
2023-06-13T09:37:50Z - Destroying ProtocolHandler ["http-nio-0.0.0.0-8080"]
2023-06-13T09:37:50Z - Starting WeatherApplication using Java 20 with PID 27296 (C:\Users\Ravi\git\repositoryweather\WeatherApp\target\classes started by Ravi in C:\Users\Ravi\git\repositoryweather\WeatherApp)
2023-06-13T09:37:50Z - No active profile set, falling back to 1 default profile: "default"
2023-06-13T09:37:50Z - Tomcat initialized with port(s): 8080 (http)
2023-06-13T09:37:50Z - Initializing ProtocolHandler ["http-nio-0.0.0.0-8080"]
2023-06-13T09:37:50Z - Starting service [Tomcat]
2023-06-13T09:37:50Z - Starting Servlet engine: [Apache Tomcat/10.1.8]
2023-06-13T09:37:50Z - Initializing Spring embedded WebApplicationContext
2023-06-13T09:37:50Z - Root WebApplicationContext: initialization completed in 145 ms
2023-06-13T09:37:50Z - LiveReload server is running on port 35729
2023-06-13T09:37:50Z - Starting ProtocolHandler ["http-nio-0.0.0.0-8080"]
2023-06-13T09:37:50Z - Tomcat started on port(s): 8080 (http) with context path ''
2023-06-13T09:37:50Z - Started WeatherApplication in 0.252 seconds (process running for 3158.659)
2023-06-13T09:37:50Z - Condition evaluation unchanged
2023-06-13T09:37:52Z - Application shutdown requested.
2023-06-13T09:37:52Z - Pausing ProtocolHandler ["http-nio-0.0.0.0-8080"]
2023-06-13T09:37:52Z - Stopping service [Tomcat]
2023-06-13T09:37:52Z - Stopping ProtocolHandler ["http-nio-0.0.0.0-8080"]
2023-06-13T09:37:52Z - Destroying ProtocolHandler ["http-nio-0.0.0.0-8080"]
2023-06-13T10:02:12Z - Could not detect default configuration classes for test class [com.example.demo.Demo1ApplicationTests]: Demo1ApplicationTests does not declare any static, non-private, non-final, nested classes annotated with @Configuration.
2023-06-13T10:03:57Z - Could not detect default configuration classes for test class [com.example.demo.Demo1ApplicationTests]: Demo1ApplicationTests does not declare any static, non-private, non-final, nested classes annotated with @Configuration.
2023-06-13T10:09:53Z - Could not detect default configuration classes for test class [com.example.demo.Demo1ApplicationTests]: Demo1ApplicationTests does not declare any static, non-private, non-final, nested classes annotated with @Configuration.
2023-06-13T10:10:24Z - Could not detect default configuration classes for test class [com.example.demo.Demo1ApplicationTests]: Demo1ApplicationTests does not declare any static, non-private, non-final, nested classes annotated with @Configuration.
2023-06-13T18:09:04Z - Starting WeatherApplication using Java 20.0.1 with PID 2528 (C:\Users\Ravi\git\repositoryweather\WeatherApp\target\classes started by Ravi in C:\Users\Ravi\git\repositoryweather\WeatherApp)
2023-06-13T18:09:04Z - No active profile set, falling back to 1 default profile: "default"
2023-06-13T18:09:04Z - Devtools property defaults active! Set 'spring.devtools.add-properties' to 'false' to disable
2023-06-13T18:09:04Z - For additional web related logging consider setting the 'logging.level.web' property to 'DEBUG'
2023-06-13T18:09:05Z - Tomcat initialized with port(s): 8080 (http)
2023-06-13T18:09:05Z - Initializing ProtocolHandler ["http-nio-0.0.0.0-8080"]
2023-06-13T18:09:05Z - Starting service [Tomcat]
2023-06-13T18:09:05Z - Starting Servlet engine: [Apache Tomcat/10.1.8]
2023-06-13T18:09:05Z - Initializing Spring embedded WebApplicationContext
2023-06-13T18:09:05Z - Root WebApplicationContext: initialization completed in 809 ms
2023-06-13T18:09:05Z - LiveReload server is running on port 35729
2023-06-13T18:09:05Z - Starting ProtocolHandler ["http-nio-0.0.0.0-8080"]
2023-06-13T18:09:05Z - Tomcat started on port(s): 8080 (http) with context path ''
2023-06-13T18:09:05Z - Started WeatherApplication in 1.558 seconds (process running for 2.424)
2023-06-13T18:09:13Z - Initializing Spring DispatcherServlet 'dispatcherServlet'
2023-06-13T18:09:13Z - Initializing Servlet 'dispatcherServlet'
2023-06-13T18:09:13Z - Completed initialization in 1 ms
2023-06-13T18:09:13Z - City : jaipur
2023-06-13T18:09:13Z - Inside : class com.weather.microservice.WeatherService.WeatherService
2023-06-13T18:09:13Z - API_KEY : f777fa895ebe5cb38334176de19e5693
2023-06-13T18:09:13Z - API_URL : http://api.openweathermap.org/data/2.5/weather
2023-06-13T18:09:13Z - Rest URL : http://api.openweathermap.org/data/2.5/weather?q=jaipur&appid=f777fa895ebe5cb38334176de19e5693
2023-06-13T18:09:13Z - Remote Address : GET http://api.openweathermap.org/data/2.5/weather?q=jaipur&appid=f777fa895ebe5cb38334176de19e5693 HTTP/1.1
2023-06-13T18:09:13Z - Weather info fetched for JAIPUR
2023-06-13T18:16:01Z - Restarting due to 21 class path changes (0 additions, 7 deletions, 14 modifications)
2023-06-13T18:16:02Z - Pausing ProtocolHandler ["http-nio-0.0.0.0-8080"]
2023-06-13T18:16:02Z - Stopping service [Tomcat]
2023-06-13T18:16:02Z - Destroying Spring FrameworkServlet 'dispatcherServlet'
2023-06-13T18:16:02Z - Stopping ProtocolHandler ["http-nio-0.0.0.0-8080"]
2023-06-13T18:16:02Z - Destroying ProtocolHandler ["http-nio-0.0.0.0-8080"]
2023-06-13T19:56:45Z - Starting WeatherApplication using Java 20.0.1 with PID 28724 (C:\Users\Ravi\git\repositoryweather\WeatherApp\target\classes started by Ravi in C:\Users\Ravi\git\repositoryweather\WeatherApp)
2023-06-13T19:56:45Z - No active profile set, falling back to 1 default profile: "default"
2023-06-13T19:56:45Z - Devtools property defaults active! Set 'spring.devtools.add-properties' to 'false' to disable
2023-06-13T19:56:45Z - For additional web related logging consider setting the 'logging.level.web' property to 'DEBUG'
2023-06-13T19:56:46Z - Tomcat initialized with port(s): 8080 (http)
2023-06-13T19:56:46Z - Initializing ProtocolHandler ["http-nio-0.0.0.0-8080"]
2023-06-13T19:56:46Z - Starting service [Tomcat]
2023-06-13T19:56:46Z - Starting Servlet engine: [Apache Tomcat/10.1.8]
2023-06-13T19:56:46Z - Initializing Spring embedded WebApplicationContext
2023-06-13T19:56:46Z - Root WebApplicationContext: initialization completed in 877 ms
2023-06-13T19:56:46Z - LiveReload server is running on port 35729
2023-06-13T19:56:46Z - Starting ProtocolHandler ["http-nio-0.0.0.0-8080"]
2023-06-13T19:56:46Z - Tomcat started on port(s): 8080 (http) with context path ''
2023-06-13T19:56:46Z - Started WeatherApplication in 1.742 seconds (process running for 2.624)
2023-06-13T19:56:56Z - Initializing Spring DispatcherServlet 'dispatcherServlet'
2023-06-13T19:56:56Z - Initializing Servlet 'dispatcherServlet'
2023-06-13T19:56:56Z - Completed initialization in 1 ms
2023-06-13T19:56:56Z - City : jaipur
2023-06-13T19:56:56Z - Inside : class com.weather.microservice.WeatherService.WeatherService
2023-06-13T19:56:56Z - API_KEY : f777fa895ebe5cb38334176de19e5693
2023-06-13T19:56:56Z - API_URL : http://api.openweathermap.org/data/2.5/weather
2023-06-13T19:56:56Z - Rest URL : http://api.openweathermap.org/data/2.5/weather?q=jaipur&appid=f777fa895ebe5cb38334176de19e5693
2023-06-13T19:56:57Z - Weather info fetched for JAIPUR
2023-06-13T19:58:25Z - City : jaipur
2023-06-13T19:58:25Z - Inside : class com.weather.microservice.WeatherService.WeatherService
2023-06-13T19:58:25Z - API_KEY : f777fa895ebe5cb38334176de19e5693
2023-06-13T19:58:25Z - API_URL : http://api.openweathermap.org/data/2.5/weather
2023-06-13T19:58:25Z - Rest URL : http://api.openweathermap.org/data/2.5/weather?q=jaipur&appid=f777fa895ebe5cb38334176de19e5693
2023-06-13T19:58:26Z - Weather info fetched for JAIPUR
2023-06-13T19:58:26Z - City : jaipur
2023-06-13T19:58:26Z - Inside : class com.weather.microservice.WeatherService.WeatherService
2023-06-13T19:58:26Z - API_KEY : f777fa895ebe5cb38334176de19e5693
2023-06-13T19:58:26Z - API_URL : http://api.openweathermap.org/data/2.5/weather
2023-06-13T19:58:26Z - Rest URL : http://api.openweathermap.org/data/2.5/weather?q=jaipur&appid=f777fa895ebe5cb38334176de19e5693
2023-06-13T19:58:27Z - Weather info fetched for JAIPUR
2023-06-13T19:58:29Z - City : jaipur
2023-06-13T19:58:29Z - Inside : class com.weather.microservice.WeatherService.WeatherService
2023-06-13T19:58:29Z - API_KEY : f777fa895ebe5cb38334176de19e5693
2023-06-13T19:58:29Z - API_URL : http://api.openweathermap.org/data/2.5/weather
2023-06-13T19:58:29Z - Rest URL : http://api.openweathermap.org/data/2.5/weather?q=jaipur&appid=f777fa895ebe5cb38334176de19e5693
2023-06-13T19:58:29Z - Weather info fetched for JAIPUR
2023-06-13T20:06:07Z - Restarting due to 1 class path change (0 additions, 0 deletions, 1 modification)
2023-06-13T20:06:07Z - Pausing ProtocolHandler ["http-nio-0.0.0.0-8080"]
2023-06-13T20:06:07Z - Stopping service [Tomcat]
2023-06-13T20:06:07Z - Destroying Spring FrameworkServlet 'dispatcherServlet'
2023-06-13T20:06:07Z - Stopping ProtocolHandler ["http-nio-0.0.0.0-8080"]
2023-06-13T20:06:07Z - Destroying ProtocolHandler ["http-nio-0.0.0.0-8080"]
2023-06-13T20:06:07Z - Starting WeatherApplication using Java 20.0.1 with PID 28724 (C:\Users\Ravi\git\repositoryweather\WeatherApp\target\classes started by Ravi in C:\Users\Ravi\git\repositoryweather\WeatherApp)
2023-06-13T20:06:07Z - No active profile set, falling back to 1 default profile: "default"
2023-06-13T20:06:08Z - Tomcat initialized with port(s): 8080 (http)
2023-06-13T20:06:08Z - Initializing ProtocolHandler ["http-nio-0.0.0.0-8080"]
2023-06-13T20:06:08Z - Starting service [Tomcat]
2023-06-13T20:06:08Z - Starting Servlet engine: [Apache Tomcat/10.1.8]
2023-06-13T20:06:08Z - Initializing Spring embedded WebApplicationContext
2023-06-13T20:06:08Z - Root WebApplicationContext: initialization completed in 219 ms
2023-06-13T20:06:08Z - LiveReload server is running on port 35729
2023-06-13T20:06:08Z - Starting ProtocolHandler ["http-nio-0.0.0.0-8080"]
2023-06-13T20:06:08Z - Tomcat started on port(s): 8080 (http) with context path ''
2023-06-13T20:06:08Z - Started WeatherApplication in 0.366 seconds (process running for 564.01)
2023-06-13T20:06:08Z - Condition evaluation unchanged
2023-06-13T20:06:10Z - Application shutdown requested.
2023-06-13T20:06:10Z - Pausing ProtocolHandler ["http-nio-0.0.0.0-8080"]
2023-06-13T20:06:10Z - Stopping service [Tomcat]
2023-06-13T20:06:10Z - Stopping ProtocolHandler ["http-nio-0.0.0.0-8080"]
2023-06-13T20:06:10Z - Destroying ProtocolHandler ["http-nio-0.0.0.0-8080"]
2023-06-13T20:06:32Z - Starting WeatherApplication using Java 20.0.1 with PID 20344 (C:\Users\Ravi\git\repositoryweather\WeatherApp\target\classes started by Ravi in C:\Users\Ravi\git\repositoryweather\WeatherApp)
2023-06-13T20:06:32Z - No active profile set, falling back to 1 default profile: "default"
2023-06-13T20:06:32Z - Devtools property defaults active! Set 'spring.devtools.add-properties' to 'false' to disable
2023-06-13T20:06:32Z - For additional web related logging consider setting the 'logging.level.web' property to 'DEBUG'
2023-06-13T20:06:33Z - Tomcat initialized with port(s): 8080 (http)
2023-06-13T20:06:33Z - Initializing ProtocolHandler ["http-nio-0.0.0.0-8080"]
2023-06-13T20:06:33Z - Starting service [Tomcat]
2023-06-13T20:06:33Z - Starting Servlet engine: [Apache Tomcat/10.1.8]
2023-06-13T20:06:33Z - Initializing Spring embedded WebApplicationContext
2023-06-13T20:06:33Z - Root WebApplicationContext: initialization completed in 865 ms
2023-06-13T20:06:34Z - LiveReload server is running on port 35729
2023-06-13T20:06:34Z - Starting ProtocolHandler ["http-nio-0.0.0.0-8080"]
2023-06-13T20:06:34Z - Tomcat started on port(s): 8080 (http) with context path ''
2023-06-13T20:06:34Z - Started WeatherApplication in 1.723 seconds (process running for 2.454)
2023-06-13T20:06:41Z - Initializing Spring DispatcherServlet 'dispatcherServlet'
2023-06-13T20:06:41Z - Initializing Servlet 'dispatcherServlet'
2023-06-13T20:06:41Z - Completed initialization in 1 ms
2023-06-13T20:06:41Z - City : vidisha
2023-06-13T20:06:41Z - Inside : class com.weather.microservice.WeatherService.WeatherService
2023-06-13T20:06:41Z - API_KEY : f777fa895ebe5cb38334176de19e5693
2023-06-13T20:06:41Z - API_URL : http://api.openweathermap.org/data/2.5/weather
2023-06-13T20:06:41Z - Rest URL : http://api.openweathermap.org/data/2.5/weather?q=vidisha&appid=f777fa895ebe5cb38334176de19e5693
2023-06-13T20:06:41Z - Weather info fetched for VIDISHA
2023-06-13T20:07:33Z - City : satna
2023-06-13T20:07:33Z - Inside : class com.weather.microservice.WeatherService.WeatherService
2023-06-13T20:07:33Z - API_KEY : f777fa895ebe5cb38334176de19e5693
2023-06-13T20:07:33Z - API_URL : http://api.openweathermap.org/data/2.5/weather
2023-06-13T20:07:33Z - Rest URL : http://api.openweathermap.org/data/2.5/weather?q=satna&appid=f777fa895ebe5cb38334176de19e5693
2023-06-13T20:07:33Z - Weather info fetched for SATNA
2023-06-13T20:08:10Z - City : madurai
2023-06-13T20:08:10Z - Inside : class com.weather.microservice.WeatherService.WeatherService
2023-06-13T20:08:10Z - API_KEY : f777fa895ebe5cb38334176de19e5693
2023-06-13T20:08:10Z - API_URL : http://api.openweathermap.org/data/2.5/weather
2023-06-13T20:08:10Z - Rest URL : http://api.openweathermap.org/data/2.5/weather?q=madurai&appid=f777fa895ebe5cb38334176de19e5693
2023-06-13T20:08:10Z - Servlet.service() for servlet [dispatcherServlet] in context with path [] threw exception
com.fasterxml.jackson.databind.exc.UnrecognizedPropertyException: Unrecognized field "1h" (class com.weather.microservice.WeatherInfo.Rain), not marked as ignorable (2 known properties: "oneHourRain", "threeHourRain"])
 at [Source: (String)"{"coord":{"lon":78.1167,"lat":9.9333},"weather":[{"id":500,"main":"Rain","description":"light rain","icon":"10n"}],"base":"stations","main":{"temp":304.16,"feels_like":306.83,"temp_min":304.16,"temp_max":304.16,"pressure":1007,"humidity":55},"visibility":6000,"wind":{"speed":1.54,"deg":320},"rain":{"1h":0.42},"clouds":{"all":40},"dt":1686666906,"sys":{"type":1,"id":9216,"country":"IN","sunrise":1686616000,"sunset":1686661706},"timezone":19800,"id":1264521,"name":"Madurai","cod":200}"; line: 1, column: 310] (through reference chain: com.weather.microservice.WeatherInfo.WeatherInfo["rain"]->com.weather.microservice.WeatherInfo.Rain["1h"])
	at com.fasterxml.jackson.databind.exc.UnrecognizedPropertyException.from(UnrecognizedPropertyException.java:61)
	at com.fasterxml.jackson.databind.DeserializationContext.handleUnknownProperty(DeserializationContext.java:1138)
	at com.fasterxml.jackson.databind.deser.std.StdDeserializer.handleUnknownProperty(StdDeserializer.java:2224)
	at com.fasterxml.jackson.databind.deser.BeanDeserializerBase.handleUnknownProperty(BeanDeserializerBase.java:1709)
	at com.fasterxml.jackson.databind.deser.BeanDeserializerBase.handleUnknownVanilla(BeanDeserializerBase.java:1687)
	at com.fasterxml.jackson.databind.deser.BeanDeserializer.vanillaDeserialize(BeanDeserializer.java:320)
	at com.fasterxml.jackson.databind.deser.BeanDeserializer.deserialize(BeanDeserializer.java:177)
	at com.fasterxml.jackson.databind.deser.impl.MethodProperty.deserializeAndSet(MethodProperty.java:129)
	at com.fasterxml.jackson.databind.deser.BeanDeserializer.vanillaDeserialize(BeanDeserializer.java:314)
	at com.fasterxml.jackson.databind.deser.BeanDeserializer.deserialize(BeanDeserializer.java:177)
	at com.fasterxml.jackson.databind.deser.DefaultDeserializationContext.readRootValue(DefaultDeserializationContext.java:323)
	at com.fasterxml.jackson.databind.ObjectMapper._readMapAndClose(ObjectMapper.java:4825)
	at com.fasterxml.jackson.databind.ObjectMapper.readValue(ObjectMapper.java:3772)
	at com.fasterxml.jackson.databind.ObjectMapper.readValue(ObjectMapper.java:3740)
	at com.weather.microservice.WeatherService.WeatherService.getWeatherInfo(WeatherService.java:47)
	at com.weather.microservice.WeatherController.WeatherController.getWeather(WeatherController.java:32)
	at java.base/jdk.internal.reflect.DirectMethodHandleAccessor.invoke(DirectMethodHandleAccessor.java:104)
	at java.base/java.lang.reflect.Method.invoke(Method.java:578)
	at org.springframework.web.method.support.InvocableHandlerMethod.doInvoke(InvocableHandlerMethod.java:207)
	at org.springframework.web.method.support.InvocableHandlerMethod.invokeForRequest(InvocableHandlerMethod.java:152)
	at org.springframework.web.servlet.mvc.method.annotation.ServletInvocableHandlerMethod.invokeAndHandle(ServletInvocableHandlerMethod.java:118)
	at org.springframework.web.servlet.mvc.method.annotation.RequestMappingHandlerAdapter.invokeHandlerMethod(RequestMappingHandlerAdapter.java:884)
	at org.springframework.web.servlet.mvc.method.annotation.RequestMappingHandlerAdapter.handleInternal(RequestMappingHandlerAdapter.java:797)
	at org.springframework.web.servlet.mvc.method.AbstractHandlerMethodAdapter.handle(AbstractHandlerMethodAdapter.java:87)
	at org.springframework.web.servlet.DispatcherServlet.doDispatch(DispatcherServlet.java:1081)
	at org.springframework.web.servlet.DispatcherServlet.doService(DispatcherServlet.java:974)
	at org.springframework.web.servlet.FrameworkServlet.processRequest(FrameworkServlet.java:1011)
	at org.springframework.web.servlet.FrameworkServlet.doGet(FrameworkServlet.java:903)
	at jakarta.servlet.http.HttpServlet.service(HttpServlet.java:564)
	at org.springframework.web.servlet.FrameworkServlet.service(FrameworkServlet.java:885)
	at jakarta.servlet.http.HttpServlet.service(HttpServlet.java:658)
	at org.apache.catalina.core.ApplicationFilterChain.internalDoFilter(ApplicationFilterChain.java:205)
	at org.apache.catalina.core.ApplicationFilterChain.doFilter(ApplicationFilterChain.java:149)
	at org.apache.tomcat.websocket.server.WsFilter.doFilter(WsFilter.java:51)
	at org.apache.catalina.core.ApplicationFilterChain.internalDoFilter(ApplicationFilterChain.java:174)
	at org.apache.catalina.core.ApplicationFilterChain.doFilter(ApplicationFilterChain.java:149)
	at org.springframework.web.filter.RequestContextFilter.doFilterInternal(RequestContextFilter.java:100)
	at org.springframework.web.filter.OncePerRequestFilter.doFilter(OncePerRequestFilter.java:116)
	at org.apache.catalina.core.ApplicationFilterChain.internalDoFilter(ApplicationFilterChain.java:174)
	at org.apache.catalina.core.ApplicationFilterChain.doFilter(ApplicationFilterChain.java:149)
	at org.springframework.web.filter.FormContentFilter.doFilterInternal(FormContentFilter.java:93)
	at org.springframework.web.filter.OncePerRequestFilter.doFilter(OncePerRequestFilter.java:116)
	at org.apache.catalina.core.ApplicationFilterChain.internalDoFilter(ApplicationFilterChain.java:174)
	at org.apache.catalina.core.ApplicationFilterChain.doFilter(ApplicationFilterChain.java:149)
	at org.springframework.web.filter.CharacterEncodingFilter.doFilterInternal(CharacterEncodingFilter.java:201)
	at org.springframework.web.filter.OncePerRequestFilter.doFilter(OncePerRequestFilter.java:116)
	at org.apache.catalina.core.ApplicationFilterChain.internalDoFilter(ApplicationFilterChain.java:174)
	at org.apache.catalina.core.ApplicationFilterChain.doFilter(ApplicationFilterChain.java:149)
	at org.apache.catalina.core.StandardWrapperValve.invoke(StandardWrapperValve.java:166)
	at org.apache.catalina.core.StandardContextValve.invoke(StandardContextValve.java:90)
	at org.apache.catalina.authenticator.AuthenticatorBase.invoke(AuthenticatorBase.java:482)
	at org.apache.catalina.core.StandardHostValve.invoke(StandardHostValve.java:115)
	at org.apache.catalina.valves.ErrorReportValve.invoke(ErrorReportValve.java:93)
	at org.apache.catalina.core.StandardEngineValve.invoke(StandardEngineValve.java:74)
	at org.apache.catalina.connector.CoyoteAdapter.service(CoyoteAdapter.java:341)
	at org.apache.coyote.http11.Http11Processor.service(Http11Processor.java:390)
	at org.apache.coyote.AbstractProcessorLight.process(AbstractProcessorLight.java:63)
	at org.apache.coyote.AbstractProtocol$ConnectionHandler.process(AbstractProtocol.java:894)
	at org.apache.tomcat.util.net.NioEndpoint$SocketProcessor.doRun(NioEndpoint.java:1741)
	at org.apache.tomcat.util.net.SocketProcessorBase.run(SocketProcessorBase.java:52)
	at org.apache.tomcat.util.threads.ThreadPoolExecutor.runWorker(ThreadPoolExecutor.java:1191)
	at org.apache.tomcat.util.threads.ThreadPoolExecutor$Worker.run(ThreadPoolExecutor.java:659)
	at org.apache.tomcat.util.threads.TaskThread$WrappingRunnable.run(TaskThread.java:61)
	at java.base/java.lang.Thread.run(Thread.java:1623)
2023-06-13T20:09:04Z - Restarting due to 1 class path change (0 additions, 0 deletions, 1 modification)
2023-06-13T20:09:04Z - Pausing ProtocolHandler ["http-nio-0.0.0.0-8080"]
2023-06-13T20:09:04Z - Stopping service [Tomcat]
2023-06-13T20:09:04Z - Destroying Spring FrameworkServlet 'dispatcherServlet'
2023-06-13T20:09:04Z - Stopping ProtocolHandler ["http-nio-0.0.0.0-8080"]
2023-06-13T20:09:04Z - Destroying ProtocolHandler ["http-nio-0.0.0.0-8080"]
2023-06-13T20:09:04Z - Starting WeatherApplication using Java 20.0.1 with PID 20344 (C:\Users\Ravi\git\repositoryweather\WeatherApp\target\classes started by Ravi in C:\Users\Ravi\git\repositoryweather\WeatherApp)
2023-06-13T20:09:04Z - No active profile set, falling back to 1 default profile: "default"
2023-06-13T20:09:05Z - Tomcat initialized with port(s): 8080 (http)
2023-06-13T20:09:05Z - Initializing ProtocolHandler ["http-nio-0.0.0.0-8080"]
2023-06-13T20:09:05Z - Starting service [Tomcat]
2023-06-13T20:09:05Z - Starting Servlet engine: [Apache Tomcat/10.1.8]
2023-06-13T20:09:05Z - Initializing Spring embedded WebApplicationContext
2023-06-13T20:09:05Z - Root WebApplicationContext: initialization completed in 224 ms
2023-06-13T20:09:05Z - LiveReload server is running on port 35729
2023-06-13T20:09:05Z - Starting ProtocolHandler ["http-nio-0.0.0.0-8080"]
2023-06-13T20:09:05Z - Tomcat started on port(s): 8080 (http) with context path ''
2023-06-13T20:09:05Z - Started WeatherApplication in 0.37 seconds (process running for 153.337)
2023-06-13T20:09:05Z - Condition evaluation unchanged
2023-06-13T20:15:14Z - Restarting due to 1 class path change (0 additions, 0 deletions, 1 modification)
2023-06-13T20:15:14Z - Pausing ProtocolHandler ["http-nio-0.0.0.0-8080"]
2023-06-13T20:15:14Z - Stopping service [Tomcat]
2023-06-13T20:15:14Z - Stopping ProtocolHandler ["http-nio-0.0.0.0-8080"]
2023-06-13T20:15:14Z - Destroying ProtocolHandler ["http-nio-0.0.0.0-8080"]
2023-06-13T20:15:14Z - Starting WeatherApplication using Java 20.0.1 with PID 20344 (C:\Users\Ravi\git\repositoryweather\WeatherApp\target\classes started by Ravi in C:\Users\Ravi\git\repositoryweather\WeatherApp)
2023-06-13T20:15:14Z - No active profile set, falling back to 1 default profile: "default"
2023-06-13T20:15:14Z - Tomcat initialized with port(s): 8080 (http)
2023-06-13T20:15:14Z - Initializing ProtocolHandler ["http-nio-0.0.0.0-8080"]
2023-06-13T20:15:14Z - Starting service [Tomcat]
2023-06-13T20:15:14Z - Starting Servlet engine: [Apache Tomcat/10.1.8]
2023-06-13T20:15:14Z - Initializing Spring embedded WebApplicationContext
2023-06-13T20:15:14Z - Root WebApplicationContext: initialization completed in 212 ms
2023-06-13T20:15:14Z - LiveReload server is running on port 35729
2023-06-13T20:15:14Z - Starting ProtocolHandler ["http-nio-0.0.0.0-8080"]
2023-06-13T20:15:14Z - Tomcat started on port(s): 8080 (http) with context path ''
2023-06-13T20:15:14Z - Started WeatherApplication in 0.38 seconds (process running for 522.866)
2023-06-13T20:15:14Z - Condition evaluation unchanged
2023-06-13T20:15:16Z - Application shutdown requested.
2023-06-13T20:15:16Z - Pausing ProtocolHandler ["http-nio-0.0.0.0-8080"]
2023-06-13T20:15:16Z - Stopping service [Tomcat]
2023-06-13T20:15:16Z - Stopping ProtocolHandler ["http-nio-0.0.0.0-8080"]
2023-06-13T20:15:16Z - Destroying ProtocolHandler ["http-nio-0.0.0.0-8080"]
2023-06-13T20:17:47Z - Starting WeatherApplication using Java 20.0.1 with PID 19708 (C:\Users\Ravi\git\repositoryweather\WeatherApp\target\classes started by Ravi in C:\Users\Ravi\git\repositoryweather\WeatherApp)
2023-06-13T20:17:47Z - No active profile set, falling back to 1 default profile: "default"
2023-06-13T20:17:47Z - Devtools property defaults active! Set 'spring.devtools.add-properties' to 'false' to disable
2023-06-13T20:17:47Z - For additional web related logging consider setting the 'logging.level.web' property to 'DEBUG'
2023-06-13T20:17:48Z - Tomcat initialized with port(s): 8080 (http)
2023-06-13T20:17:48Z - Initializing ProtocolHandler ["http-nio-0.0.0.0-8080"]
2023-06-13T20:17:48Z - Starting service [Tomcat]
2023-06-13T20:17:48Z - Starting Servlet engine: [Apache Tomcat/10.1.8]
2023-06-13T20:17:48Z - Initializing Spring embedded WebApplicationContext
2023-06-13T20:17:48Z - Root WebApplicationContext: initialization completed in 857 ms
2023-06-13T20:17:48Z - LiveReload server is running on port 35729
2023-06-13T20:17:48Z - Starting ProtocolHandler ["http-nio-0.0.0.0-8080"]
2023-06-13T20:17:48Z - Tomcat started on port(s): 8080 (http) with context path ''
2023-06-13T20:17:48Z - Started WeatherApplication in 1.631 seconds (process running for 2.451)
2023-06-13T20:42:02Z - Restarting due to 1 class path change (0 additions, 0 deletions, 1 modification)
2023-06-13T20:42:02Z - Pausing ProtocolHandler ["http-nio-0.0.0.0-8080"]
2023-06-13T20:42:02Z - Stopping service [Tomcat]
2023-06-13T20:42:02Z - Stopping ProtocolHandler ["http-nio-0.0.0.0-8080"]
2023-06-13T20:42:02Z - Destroying ProtocolHandler ["http-nio-0.0.0.0-8080"]
2023-06-13T20:42:02Z - Starting WeatherApplication using Java 20.0.1 with PID 19708 (C:\Users\Ravi\git\repositoryweather\WeatherApp\target\classes started by Ravi in C:\Users\Ravi\git\repositoryweather\WeatherApp)
2023-06-13T20:42:02Z - No active profile set, falling back to 1 default profile: "default"
2023-06-13T20:42:02Z - Tomcat initialized with port(s): 8080 (http)
2023-06-13T20:42:02Z - Initializing ProtocolHandler ["http-nio-0.0.0.0-8080"]
2023-06-13T20:42:02Z - Starting service [Tomcat]
2023-06-13T20:42:02Z - Starting Servlet engine: [Apache Tomcat/10.1.8]
2023-06-13T20:42:02Z - Initializing Spring embedded WebApplicationContext
2023-06-13T20:42:02Z - Root WebApplicationContext: initialization completed in 232 ms
2023-06-13T20:42:02Z - LiveReload server is running on port 35729
2023-06-13T20:42:02Z - Starting ProtocolHandler ["http-nio-0.0.0.0-8080"]
2023-06-13T20:42:02Z - Tomcat started on port(s): 8080 (http) with context path ''
2023-06-13T20:42:02Z - Started WeatherApplication in 0.394 seconds (process running for 1456.156)
2023-06-13T20:42:02Z - Condition evaluation unchanged
2023-06-13T20:42:06Z - Application shutdown requested.
2023-06-13T20:42:06Z - Pausing ProtocolHandler ["http-nio-0.0.0.0-8080"]
2023-06-13T20:42:06Z - Stopping service [Tomcat]
2023-06-13T20:42:06Z - Stopping ProtocolHandler ["http-nio-0.0.0.0-8080"]
2023-06-13T20:42:06Z - Destroying ProtocolHandler ["http-nio-0.0.0.0-8080"]
2023-06-13T20:46:33Z - Starting WeatherApplication using Java 20.0.1 with PID 21676 (C:\Users\Ravi\git\repositoryweather\WeatherApp\target\classes started by Ravi in C:\Users\Ravi\git\repositoryweather\WeatherApp)
2023-06-13T20:46:33Z - No active profile set, falling back to 1 default profile: "default"
2023-06-13T20:46:33Z - Devtools property defaults active! Set 'spring.devtools.add-properties' to 'false' to disable
2023-06-13T20:46:33Z - For additional web related logging consider setting the 'logging.level.web' property to 'DEBUG'
2023-06-13T20:46:34Z - Tomcat initialized with port(s): 8080 (http)
2023-06-13T20:46:34Z - Initializing ProtocolHandler ["http-nio-0.0.0.0-8080"]
2023-06-13T20:46:34Z - Starting service [Tomcat]
2023-06-13T20:46:34Z - Starting Servlet engine: [Apache Tomcat/10.1.8]
2023-06-13T20:46:34Z - Initializing Spring embedded WebApplicationContext
2023-06-13T20:46:34Z - Root WebApplicationContext: initialization completed in 839 ms
2023-06-13T20:46:34Z - LiveReload server is running on port 35729
2023-06-13T20:46:34Z - Starting ProtocolHandler ["http-nio-0.0.0.0-8080"]
2023-06-13T20:46:34Z - Tomcat started on port(s): 8080 (http) with context path ''
2023-06-13T20:46:34Z - Started WeatherApplication in 1.636 seconds (process running for 2.545)
2023-06-13T20:46:46Z - Initializing Spring DispatcherServlet 'dispatcherServlet'
2023-06-13T20:46:46Z - Initializing Servlet 'dispatcherServlet'
2023-06-13T20:46:46Z - Completed initialization in 1 ms
2023-06-13T20:46:46Z - City : madurai
2023-06-13T20:46:46Z - Inside : class com.weather.microservice.WeatherService.WeatherService
2023-06-13T20:46:46Z - API_KEY : f777fa895ebe5cb38334176de19e5693
2023-06-13T20:46:46Z - API_URL : http://api.openweathermap.org/data/2.5/weather
2023-06-13T20:46:46Z - Rest URL : http://api.openweathermap.org/data/2.5/weather?q=madurai&appid=f777fa895ebe5cb38334176de19e5693units=metric
2023-06-13T20:46:46Z - Servlet.service() for servlet [dispatcherServlet] in context with path [] threw exception
com.fasterxml.jackson.databind.exc.UnrecognizedPropertyException: Unrecognized field "message" (class com.weather.microservice.WeatherInfo.WeatherInfo), not marked as ignorable (15 known properties: "snow", "wind", "name", "sys", "dt", "base", "visibility", "weather", "coord", "cod", "main", "id", "clouds", "rain", "timezone"])
 at [Source: (String)"{"cod":401, "message": "Invalid API key. Please see https://openweathermap.org/faq#error401 for more info."}"; line: 1, column: 25] (through reference chain: com.weather.microservice.WeatherInfo.WeatherInfo["message"])
	at com.fasterxml.jackson.databind.exc.UnrecognizedPropertyException.from(UnrecognizedPropertyException.java:61)
	at com.fasterxml.jackson.databind.DeserializationContext.handleUnknownProperty(DeserializationContext.java:1138)
	at com.fasterxml.jackson.databind.deser.std.StdDeserializer.handleUnknownProperty(StdDeserializer.java:2224)
	at com.fasterxml.jackson.databind.deser.BeanDeserializerBase.handleUnknownProperty(BeanDeserializerBase.java:1709)
	at com.fasterxml.jackson.databind.deser.BeanDeserializerBase.handleUnknownVanilla(BeanDeserializerBase.java:1687)
	at com.fasterxml.jackson.databind.deser.BeanDeserializer.vanillaDeserialize(BeanDeserializer.java:320)
	at com.fasterxml.jackson.databind.deser.BeanDeserializer.deserialize(BeanDeserializer.java:177)
	at com.fasterxml.jackson.databind.deser.DefaultDeserializationContext.readRootValue(DefaultDeserializationContext.java:323)
	at com.fasterxml.jackson.databind.ObjectMapper._readMapAndClose(ObjectMapper.java:4825)
	at com.fasterxml.jackson.databind.ObjectMapper.readValue(ObjectMapper.java:3772)
	at com.fasterxml.jackson.databind.ObjectMapper.readValue(ObjectMapper.java:3740)
	at com.weather.microservice.WeatherService.WeatherService.getWeatherInfo(WeatherService.java:45)
	at com.weather.microservice.WeatherController.WeatherController.getWeather(WeatherController.java:32)
	at java.base/jdk.internal.reflect.DirectMethodHandleAccessor.invoke(DirectMethodHandleAccessor.java:104)
	at java.base/java.lang.reflect.Method.invoke(Method.java:578)
	at org.springframework.web.method.support.InvocableHandlerMethod.doInvoke(InvocableHandlerMethod.java:207)
	at org.springframework.web.method.support.InvocableHandlerMethod.invokeForRequest(InvocableHandlerMethod.java:152)
	at org.springframework.web.servlet.mvc.method.annotation.ServletInvocableHandlerMethod.invokeAndHandle(ServletInvocableHandlerMethod.java:118)
	at org.springframework.web.servlet.mvc.method.annotation.RequestMappingHandlerAdapter.invokeHandlerMethod(RequestMappingHandlerAdapter.java:884)
	at org.springframework.web.servlet.mvc.method.annotation.RequestMappingHandlerAdapter.handleInternal(RequestMappingHandlerAdapter.java:797)
	at org.springframework.web.servlet.mvc.method.AbstractHandlerMethodAdapter.handle(AbstractHandlerMethodAdapter.java:87)
	at org.springframework.web.servlet.DispatcherServlet.doDispatch(DispatcherServlet.java:1081)
	at org.springframework.web.servlet.DispatcherServlet.doService(DispatcherServlet.java:974)
	at org.springframework.web.servlet.FrameworkServlet.processRequest(FrameworkServlet.java:1011)
	at org.springframework.web.servlet.FrameworkServlet.doGet(FrameworkServlet.java:903)
	at jakarta.servlet.http.HttpServlet.service(HttpServlet.java:564)
	at org.springframework.web.servlet.FrameworkServlet.service(FrameworkServlet.java:885)
	at jakarta.servlet.http.HttpServlet.service(HttpServlet.java:658)
	at org.apache.catalina.core.ApplicationFilterChain.internalDoFilter(ApplicationFilterChain.java:205)
	at org.apache.catalina.core.ApplicationFilterChain.doFilter(ApplicationFilterChain.java:149)
	at org.apache.tomcat.websocket.server.WsFilter.doFilter(WsFilter.java:51)
	at org.apache.catalina.core.ApplicationFilterChain.internalDoFilter(ApplicationFilterChain.java:174)
	at org.apache.catalina.core.ApplicationFilterChain.doFilter(ApplicationFilterChain.java:149)
	at org.springframework.web.filter.RequestContextFilter.doFilterInternal(RequestContextFilter.java:100)
	at org.springframework.web.filter.OncePerRequestFilter.doFilter(OncePerRequestFilter.java:116)
	at org.apache.catalina.core.ApplicationFilterChain.internalDoFilter(ApplicationFilterChain.java:174)
	at org.apache.catalina.core.ApplicationFilterChain.doFilter(ApplicationFilterChain.java:149)
	at org.springframework.web.filter.FormContentFilter.doFilterInternal(FormContentFilter.java:93)
	at org.springframework.web.filter.OncePerRequestFilter.doFilter(OncePerRequestFilter.java:116)
	at org.apache.catalina.core.ApplicationFilterChain.internalDoFilter(ApplicationFilterChain.java:174)
	at org.apache.catalina.core.ApplicationFilterChain.doFilter(ApplicationFilterChain.java:149)
	at org.springframework.web.filter.CharacterEncodingFilter.doFilterInternal(CharacterEncodingFilter.java:201)
	at org.springframework.web.filter.OncePerRequestFilter.doFilter(OncePerRequestFilter.java:116)
	at org.apache.catalina.core.ApplicationFilterChain.internalDoFilter(ApplicationFilterChain.java:174)
	at org.apache.catalina.core.ApplicationFilterChain.doFilter(ApplicationFilterChain.java:149)
	at org.apache.catalina.core.StandardWrapperValve.invoke(StandardWrapperValve.java:166)
	at org.apache.catalina.core.StandardContextValve.invoke(StandardContextValve.java:90)
	at org.apache.catalina.authenticator.AuthenticatorBase.invoke(AuthenticatorBase.java:482)
	at org.apache.catalina.core.StandardHostValve.invoke(StandardHostValve.java:115)
	at org.apache.catalina.valves.ErrorReportValve.invoke(ErrorReportValve.java:93)
	at org.apache.catalina.core.StandardEngineValve.invoke(StandardEngineValve.java:74)
	at org.apache.catalina.connector.CoyoteAdapter.service(CoyoteAdapter.java:341)
	at org.apache.coyote.http11.Http11Processor.service(Http11Processor.java:390)
	at org.apache.coyote.AbstractProcessorLight.process(AbstractProcessorLight.java:63)
	at org.apache.coyote.AbstractProtocol$ConnectionHandler.process(AbstractProtocol.java:894)
	at org.apache.tomcat.util.net.NioEndpoint$SocketProcessor.doRun(NioEndpoint.java:1741)
	at org.apache.tomcat.util.net.SocketProcessorBase.run(SocketProcessorBase.java:52)
	at org.apache.tomcat.util.threads.ThreadPoolExecutor.runWorker(ThreadPoolExecutor.java:1191)
	at org.apache.tomcat.util.threads.ThreadPoolExecutor$Worker.run(ThreadPoolExecutor.java:659)
	at org.apache.tomcat.util.threads.TaskThread$WrappingRunnable.run(TaskThread.java:61)
	at java.base/java.lang.Thread.run(Thread.java:1623)
2023-06-13T20:47:29Z - Restarting due to 1 class path change (0 additions, 0 deletions, 1 modification)
2023-06-13T20:47:29Z - Pausing ProtocolHandler ["http-nio-0.0.0.0-8080"]
2023-06-13T20:47:29Z - Stopping service [Tomcat]
2023-06-13T20:47:29Z - Destroying Spring FrameworkServlet 'dispatcherServlet'
2023-06-13T20:47:29Z - Stopping ProtocolHandler ["http-nio-0.0.0.0-8080"]
2023-06-13T20:47:29Z - Destroying ProtocolHandler ["http-nio-0.0.0.0-8080"]
2023-06-13T20:47:29Z - Starting WeatherApplication using Java 20.0.1 with PID 21676 (C:\Users\Ravi\git\repositoryweather\WeatherApp\target\classes started by Ravi in C:\Users\Ravi\git\repositoryweather\WeatherApp)
2023-06-13T20:47:29Z - No active profile set, falling back to 1 default profile: "default"
2023-06-13T20:47:29Z - Tomcat initialized with port(s): 8080 (http)
2023-06-13T20:47:29Z - Initializing ProtocolHandler ["http-nio-0.0.0.0-8080"]
2023-06-13T20:47:29Z - Starting service [Tomcat]
2023-06-13T20:47:29Z - Starting Servlet engine: [Apache Tomcat/10.1.8]
2023-06-13T20:47:29Z - Initializing Spring embedded WebApplicationContext
2023-06-13T20:47:29Z - Root WebApplicationContext: initialization completed in 217 ms
2023-06-13T20:47:29Z - LiveReload server is running on port 35729
2023-06-13T20:47:29Z - Starting ProtocolHandler ["http-nio-0.0.0.0-8080"]
2023-06-13T20:47:29Z - Tomcat started on port(s): 8080 (http) with context path ''
2023-06-13T20:47:29Z - Started WeatherApplication in 0.364 seconds (process running for 57.553)
2023-06-13T20:47:29Z - Condition evaluation unchanged
2023-06-13T20:47:32Z - Initializing Spring DispatcherServlet 'dispatcherServlet'
2023-06-13T20:47:32Z - Initializing Servlet 'dispatcherServlet'
2023-06-13T20:47:32Z - Completed initialization in 1 ms
2023-06-13T20:47:32Z - City : madurai
2023-06-13T20:47:32Z - Inside : class com.weather.microservice.WeatherService.WeatherService
2023-06-13T20:47:32Z - API_KEY : f777fa895ebe5cb38334176de19e5693
2023-06-13T20:47:32Z - API_URL : http://api.openweathermap.org/data/2.5/weather
2023-06-13T20:47:32Z - Rest URL : http://api.openweathermap.org/data/2.5/weather?q=madurai&appid=f777fa895ebe5cb38334176de19e5693&units=metric
2023-06-13T20:47:32Z - Weather info fetched for MADURAI
2023-06-13T20:47:44Z - City : jaipur
2023-06-13T20:47:44Z - Inside : class com.weather.microservice.WeatherService.WeatherService
2023-06-13T20:47:44Z - API_KEY : f777fa895ebe5cb38334176de19e5693
2023-06-13T20:47:44Z - API_URL : http://api.openweathermap.org/data/2.5/weather
2023-06-13T20:47:44Z - Rest URL : http://api.openweathermap.org/data/2.5/weather?q=jaipur&appid=f777fa895ebe5cb38334176de19e5693&units=metric
2023-06-13T20:47:44Z - Weather info fetched for JAIPUR
2023-06-13T20:47:49Z - City : jaipur
2023-06-13T20:47:49Z - Inside : class com.weather.microservice.WeatherService.WeatherService
2023-06-13T20:47:49Z - API_KEY : f777fa895ebe5cb38334176de19e5693
2023-06-13T20:47:49Z - API_URL : http://api.openweathermap.org/data/2.5/weather
2023-06-13T20:47:49Z - Rest URL : http://api.openweathermap.org/data/2.5/weather?q=jaipur&appid=f777fa895ebe5cb38334176de19e5693&units=metric
2023-06-13T20:47:49Z - Weather info fetched for JAIPUR
2023-06-13T20:49:20Z - City : jaipur
2023-06-13T20:49:20Z - Inside : class com.weather.microservice.WeatherService.WeatherService
2023-06-13T20:49:20Z - API_KEY : f777fa895ebe5cb38334176de19e5693
2023-06-13T20:49:20Z - API_URL : http://api.openweathermap.org/data/2.5/weather
2023-06-13T20:49:20Z - Rest URL : http://api.openweathermap.org/data/2.5/weather?q=jaipur&appid=f777fa895ebe5cb38334176de19e5693&units=metric
2023-06-13T20:49:20Z - Weather info fetched for JAIPUR
2023-06-13T20:51:44Z - Restarting due to 1 class path change (0 additions, 0 deletions, 1 modification)
2023-06-13T20:51:44Z - Pausing ProtocolHandler ["http-nio-0.0.0.0-8080"]
2023-06-13T20:51:44Z - Stopping service [Tomcat]
2023-06-13T20:51:44Z - Destroying Spring FrameworkServlet 'dispatcherServlet'
2023-06-13T20:51:44Z - Stopping ProtocolHandler ["http-nio-0.0.0.0-8080"]
2023-06-13T20:51:44Z - Destroying ProtocolHandler ["http-nio-0.0.0.0-8080"]
2023-06-13T20:51:45Z - Starting WeatherApplication using Java 20.0.1 with PID 21676 (C:\Users\Ravi\git\repositoryweather\WeatherApp\target\classes started by Ravi in C:\Users\Ravi\git\repositoryweather\WeatherApp)
2023-06-13T20:51:45Z - No active profile set, falling back to 1 default profile: "default"
2023-06-13T20:51:45Z - Tomcat initialized with port(s): 8080 (http)
2023-06-13T20:51:45Z - Initializing ProtocolHandler ["http-nio-0.0.0.0-8080"]
2023-06-13T20:51:45Z - Starting service [Tomcat]
2023-06-13T20:51:45Z - Starting Servlet engine: [Apache Tomcat/10.1.8]
2023-06-13T20:51:45Z - Initializing Spring embedded WebApplicationContext
2023-06-13T20:51:45Z - Root WebApplicationContext: initialization completed in 167 ms
2023-06-13T20:51:45Z - LiveReload server is running on port 35729
2023-06-13T20:51:45Z - Starting ProtocolHandler ["http-nio-0.0.0.0-8080"]
2023-06-13T20:51:45Z - Tomcat started on port(s): 8080 (http) with context path ''
2023-06-13T20:51:45Z - Started WeatherApplication in 0.266 seconds (process running for 313.336)
2023-06-13T20:51:45Z - Condition evaluation unchanged
2023-06-13T20:51:52Z - Initializing Spring DispatcherServlet 'dispatcherServlet'
2023-06-13T20:51:52Z - Initializing Servlet 'dispatcherServlet'
2023-06-13T20:51:52Z - Completed initialization in 0 ms
2023-06-13T20:51:52Z - City : jaipur
2023-06-13T20:51:52Z - Servlet.service() for servlet [dispatcherServlet] in context with path [] threw exception [Request processing failed: java.util.MissingFormatArgumentException: Format specifier '%s'] with root cause
java.util.MissingFormatArgumentException: Format specifier '%s'
	at java.base/java.util.Formatter.format(Formatter.java:2780)
	at java.base/java.util.Formatter.format(Formatter.java:2717)
	at java.base/java.lang.String.format(String.java:4155)
	at com.weather.microservice.WeatherService.WeatherService.getWeatherInfo(WeatherService.java:34)
	at com.weather.microservice.WeatherController.WeatherController.getWeather(WeatherController.java:32)
	at java.base/jdk.internal.reflect.DirectMethodHandleAccessor.invoke(DirectMethodHandleAccessor.java:104)
	at java.base/java.lang.reflect.Method.invoke(Method.java:578)
	at org.springframework.web.method.support.InvocableHandlerMethod.doInvoke(InvocableHandlerMethod.java:207)
	at org.springframework.web.method.support.InvocableHandlerMethod.invokeForRequest(InvocableHandlerMethod.java:152)
	at org.springframework.web.servlet.mvc.method.annotation.ServletInvocableHandlerMethod.invokeAndHandle(ServletInvocableHandlerMethod.java:118)
	at org.springframework.web.servlet.mvc.method.annotation.RequestMappingHandlerAdapter.invokeHandlerMethod(RequestMappingHandlerAdapter.java:884)
	at org.springframework.web.servlet.mvc.method.annotation.RequestMappingHandlerAdapter.handleInternal(RequestMappingHandlerAdapter.java:797)
	at org.springframework.web.servlet.mvc.method.AbstractHandlerMethodAdapter.handle(AbstractHandlerMethodAdapter.java:87)
	at org.springframework.web.servlet.DispatcherServlet.doDispatch(DispatcherServlet.java:1081)
	at org.springframework.web.servlet.DispatcherServlet.doService(DispatcherServlet.java:974)
	at org.springframework.web.servlet.FrameworkServlet.processRequest(FrameworkServlet.java:1011)
	at org.springframework.web.servlet.FrameworkServlet.doGet(FrameworkServlet.java:903)
	at jakarta.servlet.http.HttpServlet.service(HttpServlet.java:564)
	at org.springframework.web.servlet.FrameworkServlet.service(FrameworkServlet.java:885)
	at jakarta.servlet.http.HttpServlet.service(HttpServlet.java:658)
	at org.apache.catalina.core.ApplicationFilterChain.internalDoFilter(ApplicationFilterChain.java:205)
	at org.apache.catalina.core.ApplicationFilterChain.doFilter(ApplicationFilterChain.java:149)
	at org.apache.tomcat.websocket.server.WsFilter.doFilter(WsFilter.java:51)
	at org.apache.catalina.core.ApplicationFilterChain.internalDoFilter(ApplicationFilterChain.java:174)
	at org.apache.catalina.core.ApplicationFilterChain.doFilter(ApplicationFilterChain.java:149)
	at org.springframework.web.filter.RequestContextFilter.doFilterInternal(RequestContextFilter.java:100)
	at org.springframework.web.filter.OncePerRequestFilter.doFilter(OncePerRequestFilter.java:116)
	at org.apache.catalina.core.ApplicationFilterChain.internalDoFilter(ApplicationFilterChain.java:174)
	at org.apache.catalina.core.ApplicationFilterChain.doFilter(ApplicationFilterChain.java:149)
	at org.springframework.web.filter.FormContentFilter.doFilterInternal(FormContentFilter.java:93)
	at org.springframework.web.filter.OncePerRequestFilter.doFilter(OncePerRequestFilter.java:116)
	at org.apache.catalina.core.ApplicationFilterChain.internalDoFilter(ApplicationFilterChain.java:174)
	at org.apache.catalina.core.ApplicationFilterChain.doFilter(ApplicationFilterChain.java:149)
	at org.springframework.web.filter.CharacterEncodingFilter.doFilterInternal(CharacterEncodingFilter.java:201)
	at org.springframework.web.filter.OncePerRequestFilter.doFilter(OncePerRequestFilter.java:116)
	at org.apache.catalina.core.ApplicationFilterChain.internalDoFilter(ApplicationFilterChain.java:174)
	at org.apache.catalina.core.ApplicationFilterChain.doFilter(ApplicationFilterChain.java:149)
	at org.apache.catalina.core.StandardWrapperValve.invoke(StandardWrapperValve.java:166)
	at org.apache.catalina.core.StandardContextValve.invoke(StandardContextValve.java:90)
	at org.apache.catalina.authenticator.AuthenticatorBase.invoke(AuthenticatorBase.java:482)
	at org.apache.catalina.core.StandardHostValve.invoke(StandardHostValve.java:115)
	at org.apache.catalina.valves.ErrorReportValve.invoke(ErrorReportValve.java:93)
	at org.apache.catalina.core.StandardEngineValve.invoke(StandardEngineValve.java:74)
	at org.apache.catalina.connector.CoyoteAdapter.service(CoyoteAdapter.java:341)
	at org.apache.coyote.http11.Http11Processor.service(Http11Processor.java:390)
	at org.apache.coyote.AbstractProcessorLight.process(AbstractProcessorLight.java:63)
	at org.apache.coyote.AbstractProtocol$ConnectionHandler.process(AbstractProtocol.java:894)
	at org.apache.tomcat.util.net.NioEndpoint$SocketProcessor.doRun(NioEndpoint.java:1741)
	at org.apache.tomcat.util.net.SocketProcessorBase.run(SocketProcessorBase.java:52)
	at org.apache.tomcat.util.threads.ThreadPoolExecutor.runWorker(ThreadPoolExecutor.java:1191)
	at org.apache.tomcat.util.threads.ThreadPoolExecutor$Worker.run(ThreadPoolExecutor.java:659)
	at org.apache.tomcat.util.threads.TaskThread$WrappingRunnable.run(TaskThread.java:61)
	at java.base/java.lang.Thread.run(Thread.java:1623)
2023-06-13T20:58:08Z - Restarting due to 1 class path change (0 additions, 0 deletions, 1 modification)
2023-06-13T20:58:08Z - Pausing ProtocolHandler ["http-nio-0.0.0.0-8080"]
2023-06-13T20:58:08Z - Stopping service [Tomcat]
2023-06-13T20:58:08Z - Destroying Spring FrameworkServlet 'dispatcherServlet'
2023-06-13T20:58:08Z - Stopping ProtocolHandler ["http-nio-0.0.0.0-8080"]
2023-06-13T20:58:08Z - Destroying ProtocolHandler ["http-nio-0.0.0.0-8080"]
2023-06-13T20:58:08Z - Starting WeatherApplication using Java 20.0.1 with PID 21676 (C:\Users\Ravi\git\repositoryweather\WeatherApp\target\classes started by Ravi in C:\Users\Ravi\git\repositoryweather\WeatherApp)
2023-06-13T20:58:08Z - No active profile set, falling back to 1 default profile: "default"
2023-06-13T20:58:09Z - Tomcat initialized with port(s): 8080 (http)
2023-06-13T20:58:09Z - Initializing ProtocolHandler ["http-nio-0.0.0.0-8080"]
2023-06-13T20:58:09Z - Starting service [Tomcat]
2023-06-13T20:58:09Z - Starting Servlet engine: [Apache Tomcat/10.1.8]
2023-06-13T20:58:09Z - Initializing Spring embedded WebApplicationContext
2023-06-13T20:58:09Z - Root WebApplicationContext: initialization completed in 213 ms
2023-06-13T20:58:09Z - LiveReload server is running on port 35729
2023-06-13T20:58:09Z - Starting ProtocolHandler ["http-nio-0.0.0.0-8080"]
2023-06-13T20:58:09Z - Tomcat started on port(s): 8080 (http) with context path ''
2023-06-13T20:58:09Z - Started WeatherApplication in 0.38 seconds (process running for 697.204)
2023-06-13T20:58:09Z - Condition evaluation unchanged
2023-06-13T20:58:12Z - Initializing Spring DispatcherServlet 'dispatcherServlet'
2023-06-13T20:58:12Z - Initializing Servlet 'dispatcherServlet'
2023-06-13T20:58:12Z - Completed initialization in 0 ms
2023-06-13T20:58:12Z - City : jaipur
2023-06-13T20:58:12Z - Servlet.service() for servlet [dispatcherServlet] in context with path [] threw exception [Request processing failed: java.util.MissingFormatArgumentException: Format specifier '%s'] with root cause
java.util.MissingFormatArgumentException: Format specifier '%s'
	at java.base/java.util.Formatter.format(Formatter.java:2780)
	at java.base/java.util.Formatter.format(Formatter.java:2717)
	at java.base/java.lang.String.format(String.java:4155)
	at com.weather.microservice.WeatherService.WeatherService.getWeatherInfo(WeatherService.java:34)
	at com.weather.microservice.WeatherController.WeatherController.getWeather(WeatherController.java:32)
	at java.base/jdk.internal.reflect.DirectMethodHandleAccessor.invoke(DirectMethodHandleAccessor.java:104)
	at java.base/java.lang.reflect.Method.invoke(Method.java:578)
	at org.springframework.web.method.support.InvocableHandlerMethod.doInvoke(InvocableHandlerMethod.java:207)
	at org.springframework.web.method.support.InvocableHandlerMethod.invokeForRequest(InvocableHandlerMethod.java:152)
	at org.springframework.web.servlet.mvc.method.annotation.ServletInvocableHandlerMethod.invokeAndHandle(ServletInvocableHandlerMethod.java:118)
	at org.springframework.web.servlet.mvc.method.annotation.RequestMappingHandlerAdapter.invokeHandlerMethod(RequestMappingHandlerAdapter.java:884)
	at org.springframework.web.servlet.mvc.method.annotation.RequestMappingHandlerAdapter.handleInternal(RequestMappingHandlerAdapter.java:797)
	at org.springframework.web.servlet.mvc.method.AbstractHandlerMethodAdapter.handle(AbstractHandlerMethodAdapter.java:87)
	at org.springframework.web.servlet.DispatcherServlet.doDispatch(DispatcherServlet.java:1081)
	at org.springframework.web.servlet.DispatcherServlet.doService(DispatcherServlet.java:974)
	at org.springframework.web.servlet.FrameworkServlet.processRequest(FrameworkServlet.java:1011)
	at org.springframework.web.servlet.FrameworkServlet.doGet(FrameworkServlet.java:903)
	at jakarta.servlet.http.HttpServlet.service(HttpServlet.java:564)
	at org.springframework.web.servlet.FrameworkServlet.service(FrameworkServlet.java:885)
	at jakarta.servlet.http.HttpServlet.service(HttpServlet.java:658)
	at org.apache.catalina.core.ApplicationFilterChain.internalDoFilter(ApplicationFilterChain.java:205)
	at org.apache.catalina.core.ApplicationFilterChain.doFilter(ApplicationFilterChain.java:149)
	at org.apache.tomcat.websocket.server.WsFilter.doFilter(WsFilter.java:51)
	at org.apache.catalina.core.ApplicationFilterChain.internalDoFilter(ApplicationFilterChain.java:174)
	at org.apache.catalina.core.ApplicationFilterChain.doFilter(ApplicationFilterChain.java:149)
	at org.springframework.web.filter.RequestContextFilter.doFilterInternal(RequestContextFilter.java:100)
	at org.springframework.web.filter.OncePerRequestFilter.doFilter(OncePerRequestFilter.java:116)
	at org.apache.catalina.core.ApplicationFilterChain.internalDoFilter(ApplicationFilterChain.java:174)
	at org.apache.catalina.core.ApplicationFilterChain.doFilter(ApplicationFilterChain.java:149)
	at org.springframework.web.filter.FormContentFilter.doFilterInternal(FormContentFilter.java:93)
	at org.springframework.web.filter.OncePerRequestFilter.doFilter(OncePerRequestFilter.java:116)
	at org.apache.catalina.core.ApplicationFilterChain.internalDoFilter(ApplicationFilterChain.java:174)
	at org.apache.catalina.core.ApplicationFilterChain.doFilter(ApplicationFilterChain.java:149)
	at org.springframework.web.filter.CharacterEncodingFilter.doFilterInternal(CharacterEncodingFilter.java:201)
	at org.springframework.web.filter.OncePerRequestFilter.doFilter(OncePerRequestFilter.java:116)
	at org.apache.catalina.core.ApplicationFilterChain.internalDoFilter(ApplicationFilterChain.java:174)
	at org.apache.catalina.core.ApplicationFilterChain.doFilter(ApplicationFilterChain.java:149)
	at org.apache.catalina.core.StandardWrapperValve.invoke(StandardWrapperValve.java:166)
	at org.apache.catalina.core.StandardContextValve.invoke(StandardContextValve.java:90)
	at org.apache.catalina.authenticator.AuthenticatorBase.invoke(AuthenticatorBase.java:482)
	at org.apache.catalina.core.StandardHostValve.invoke(StandardHostValve.java:115)
	at org.apache.catalina.valves.ErrorReportValve.invoke(ErrorReportValve.java:93)
	at org.apache.catalina.core.StandardEngineValve.invoke(StandardEngineValve.java:74)
	at org.apache.catalina.connector.CoyoteAdapter.service(CoyoteAdapter.java:341)
	at org.apache.coyote.http11.Http11Processor.service(Http11Processor.java:390)
	at org.apache.coyote.AbstractProcessorLight.process(AbstractProcessorLight.java:63)
	at org.apache.coyote.AbstractProtocol$ConnectionHandler.process(AbstractProtocol.java:894)
	at org.apache.tomcat.util.net.NioEndpoint$SocketProcessor.doRun(NioEndpoint.java:1741)
	at org.apache.tomcat.util.net.SocketProcessorBase.run(SocketProcessorBase.java:52)
	at org.apache.tomcat.util.threads.ThreadPoolExecutor.runWorker(ThreadPoolExecutor.java:1191)
	at org.apache.tomcat.util.threads.ThreadPoolExecutor$Worker.run(ThreadPoolExecutor.java:659)
	at org.apache.tomcat.util.threads.TaskThread$WrappingRunnable.run(TaskThread.java:61)
	at java.base/java.lang.Thread.run(Thread.java:1623)
2023-06-13T20:58:47Z - Restarting due to 1 class path change (0 additions, 0 deletions, 1 modification)
2023-06-13T20:58:47Z - Pausing ProtocolHandler ["http-nio-0.0.0.0-8080"]
2023-06-13T20:58:47Z - Stopping service [Tomcat]
2023-06-13T20:58:47Z - Destroying Spring FrameworkServlet 'dispatcherServlet'
2023-06-13T20:58:47Z - Stopping ProtocolHandler ["http-nio-0.0.0.0-8080"]
2023-06-13T20:58:47Z - Destroying ProtocolHandler ["http-nio-0.0.0.0-8080"]
2023-06-13T20:58:47Z - Starting WeatherApplication using Java 20.0.1 with PID 21676 (C:\Users\Ravi\git\repositoryweather\WeatherApp\target\classes started by Ravi in C:\Users\Ravi\git\repositoryweather\WeatherApp)
2023-06-13T20:58:47Z - No active profile set, falling back to 1 default profile: "default"
2023-06-13T20:58:47Z - Tomcat initialized with port(s): 8080 (http)
2023-06-13T20:58:47Z - Initializing ProtocolHandler ["http-nio-0.0.0.0-8080"]
2023-06-13T20:58:47Z - Starting service [Tomcat]
2023-06-13T20:58:47Z - Starting Servlet engine: [Apache Tomcat/10.1.8]
2023-06-13T20:58:47Z - Initializing Spring embedded WebApplicationContext
2023-06-13T20:58:47Z - Root WebApplicationContext: initialization completed in 132 ms
2023-06-13T20:58:47Z - LiveReload server is running on port 35729
2023-06-13T20:58:47Z - Starting ProtocolHandler ["http-nio-0.0.0.0-8080"]
2023-06-13T20:58:47Z - Tomcat started on port(s): 8080 (http) with context path ''
2023-06-13T20:58:47Z - Started WeatherApplication in 0.209 seconds (process running for 735.652)
2023-06-13T20:58:47Z - Condition evaluation unchanged
2023-06-13T20:58:50Z - Initializing Spring DispatcherServlet 'dispatcherServlet'
2023-06-13T20:58:50Z - Initializing Servlet 'dispatcherServlet'
2023-06-13T20:58:50Z - Completed initialization in 1 ms
2023-06-13T20:58:50Z - City : jaipur
2023-06-13T20:58:50Z - Inside : class com.weather.microservice.WeatherService.WeatherService
2023-06-13T20:58:50Z - API_KEY : f777fa895ebe5cb38334176de19e5693
2023-06-13T20:58:50Z - API_URL : http://api.openweathermap.org/data/2.5/weather
2023-06-13T20:58:50Z - Rest URL : http://api.openweathermap.org/data/2.5/weather?q=jaipur&appid=f777fa895ebe5cb38334176de19e5693&units=metric&lang=hi
2023-06-13T20:58:50Z - Weather info fetched for JAIPUR
2023-06-13T21:00:07Z - Restarting due to 1 class path change (0 additions, 0 deletions, 1 modification)
2023-06-13T21:00:07Z - Pausing ProtocolHandler ["http-nio-0.0.0.0-8080"]
2023-06-13T21:00:07Z - Stopping service [Tomcat]
2023-06-13T21:00:07Z - Destroying Spring FrameworkServlet 'dispatcherServlet'
2023-06-13T21:00:07Z - Stopping ProtocolHandler ["http-nio-0.0.0.0-8080"]
2023-06-13T21:00:07Z - Destroying ProtocolHandler ["http-nio-0.0.0.0-8080"]
2023-06-13T21:00:07Z - Starting WeatherApplication using Java 20.0.1 with PID 21676 (C:\Users\Ravi\git\repositoryweather\WeatherApp\target\classes started by Ravi in C:\Users\Ravi\git\repositoryweather\WeatherApp)
2023-06-13T21:00:07Z - No active profile set, falling back to 1 default profile: "default"
2023-06-13T21:00:07Z - Tomcat initialized with port(s): 8080 (http)
2023-06-13T21:00:07Z - Initializing ProtocolHandler ["http-nio-0.0.0.0-8080"]
2023-06-13T21:00:07Z - Starting service [Tomcat]
2023-06-13T21:00:07Z - Starting Servlet engine: [Apache Tomcat/10.1.8]
2023-06-13T21:00:07Z - Initializing Spring embedded WebApplicationContext
2023-06-13T21:00:07Z - Root WebApplicationContext: initialization completed in 168 ms
2023-06-13T21:00:08Z - LiveReload server is running on port 35729
2023-06-13T21:00:08Z - Starting ProtocolHandler ["http-nio-0.0.0.0-8080"]
2023-06-13T21:00:08Z - Tomcat started on port(s): 8080 (http) with context path ''
2023-06-13T21:00:08Z - Started WeatherApplication in 0.288 seconds (process running for 816.084)
2023-06-13T21:00:08Z - Condition evaluation unchanged
2023-06-13T21:00:10Z - Initializing Spring DispatcherServlet 'dispatcherServlet'
2023-06-13T21:00:10Z - Initializing Servlet 'dispatcherServlet'
2023-06-13T21:00:10Z - Completed initialization in 0 ms
2023-06-13T21:00:10Z - City : jaipur
2023-06-13T21:00:10Z - Inside : class com.weather.microservice.WeatherService.WeatherService
2023-06-13T21:00:10Z - API_KEY : f777fa895ebe5cb38334176de19e5693
2023-06-13T21:00:10Z - API_URL : http://api.openweathermap.org/data/2.5/weather
2023-06-13T21:00:10Z - Rest URL : http://api.openweathermap.org/data/2.5/weathermode=xml?q=jaipur&appid=f777fa895ebe5cb38334176de19e5693&units=metric&lang=hi
2023-06-13T21:00:11Z - Servlet.service() for servlet [dispatcherServlet] in context with path [] threw exception
com.fasterxml.jackson.databind.exc.UnrecognizedPropertyException: Unrecognized field "message" (class com.weather.microservice.WeatherInfo.WeatherInfo), not marked as ignorable (15 known properties: "snow", "wind", "name", "sys", "dt", "base", "visibility", "weather", "coord", "cod", "main", "id", "clouds", "rain", "timezone"])
 at [Source: (String)"{"cod":"404","message":"Internal error"}"; line: 1, column: 25] (through reference chain: com.weather.microservice.WeatherInfo.WeatherInfo["message"])
	at com.fasterxml.jackson.databind.exc.UnrecognizedPropertyException.from(UnrecognizedPropertyException.java:61)
	at com.fasterxml.jackson.databind.DeserializationContext.handleUnknownProperty(DeserializationContext.java:1138)
	at com.fasterxml.jackson.databind.deser.std.StdDeserializer.handleUnknownProperty(StdDeserializer.java:2224)
	at com.fasterxml.jackson.databind.deser.BeanDeserializerBase.handleUnknownProperty(BeanDeserializerBase.java:1709)
	at com.fasterxml.jackson.databind.deser.BeanDeserializerBase.handleUnknownVanilla(BeanDeserializerBase.java:1687)
	at com.fasterxml.jackson.databind.deser.BeanDeserializer.vanillaDeserialize(BeanDeserializer.java:320)
	at com.fasterxml.jackson.databind.deser.BeanDeserializer.deserialize(BeanDeserializer.java:177)
	at com.fasterxml.jackson.databind.deser.DefaultDeserializationContext.readRootValue(DefaultDeserializationContext.java:323)
	at com.fasterxml.jackson.databind.ObjectMapper._readMapAndClose(ObjectMapper.java:4825)
	at com.fasterxml.jackson.databind.ObjectMapper.readValue(ObjectMapper.java:3772)
	at com.fasterxml.jackson.databind.ObjectMapper.readValue(ObjectMapper.java:3740)
	at com.weather.microservice.WeatherService.WeatherService.getWeatherInfo(WeatherService.java:44)
	at com.weather.microservice.WeatherController.WeatherController.getWeather(WeatherController.java:32)
	at java.base/jdk.internal.reflect.DirectMethodHandleAccessor.invoke(DirectMethodHandleAccessor.java:104)
	at java.base/java.lang.reflect.Method.invoke(Method.java:578)
	at org.springframework.web.method.support.InvocableHandlerMethod.doInvoke(InvocableHandlerMethod.java:207)
	at org.springframework.web.method.support.InvocableHandlerMethod.invokeForRequest(InvocableHandlerMethod.java:152)
	at org.springframework.web.servlet.mvc.method.annotation.ServletInvocableHandlerMethod.invokeAndHandle(ServletInvocableHandlerMethod.java:118)
	at org.springframework.web.servlet.mvc.method.annotation.RequestMappingHandlerAdapter.invokeHandlerMethod(RequestMappingHandlerAdapter.java:884)
	at org.springframework.web.servlet.mvc.method.annotation.RequestMappingHandlerAdapter.handleInternal(RequestMappingHandlerAdapter.java:797)
	at org.springframework.web.servlet.mvc.method.AbstractHandlerMethodAdapter.handle(AbstractHandlerMethodAdapter.java:87)
	at org.springframework.web.servlet.DispatcherServlet.doDispatch(DispatcherServlet.java:1081)
	at org.springframework.web.servlet.DispatcherServlet.doService(DispatcherServlet.java:974)
	at org.springframework.web.servlet.FrameworkServlet.processRequest(FrameworkServlet.java:1011)
	at org.springframework.web.servlet.FrameworkServlet.doGet(FrameworkServlet.java:903)
	at jakarta.servlet.http.HttpServlet.service(HttpServlet.java:564)
	at org.springframework.web.servlet.FrameworkServlet.service(FrameworkServlet.java:885)
	at jakarta.servlet.http.HttpServlet.service(HttpServlet.java:658)
	at org.apache.catalina.core.ApplicationFilterChain.internalDoFilter(ApplicationFilterChain.java:205)
	at org.apache.catalina.core.ApplicationFilterChain.doFilter(ApplicationFilterChain.java:149)
	at org.apache.tomcat.websocket.server.WsFilter.doFilter(WsFilter.java:51)
	at org.apache.catalina.core.ApplicationFilterChain.internalDoFilter(ApplicationFilterChain.java:174)
	at org.apache.catalina.core.ApplicationFilterChain.doFilter(ApplicationFilterChain.java:149)
	at org.springframework.web.filter.RequestContextFilter.doFilterInternal(RequestContextFilter.java:100)
	at org.springframework.web.filter.OncePerRequestFilter.doFilter(OncePerRequestFilter.java:116)
	at org.apache.catalina.core.ApplicationFilterChain.internalDoFilter(ApplicationFilterChain.java:174)
	at org.apache.catalina.core.ApplicationFilterChain.doFilter(ApplicationFilterChain.java:149)
	at org.springframework.web.filter.FormContentFilter.doFilterInternal(FormContentFilter.java:93)
	at org.springframework.web.filter.OncePerRequestFilter.doFilter(OncePerRequestFilter.java:116)
	at org.apache.catalina.core.ApplicationFilterChain.internalDoFilter(ApplicationFilterChain.java:174)
	at org.apache.catalina.core.ApplicationFilterChain.doFilter(ApplicationFilterChain.java:149)
	at org.springframework.web.filter.CharacterEncodingFilter.doFilterInternal(CharacterEncodingFilter.java:201)
	at org.springframework.web.filter.OncePerRequestFilter.doFilter(OncePerRequestFilter.java:116)
	at org.apache.catalina.core.ApplicationFilterChain.internalDoFilter(ApplicationFilterChain.java:174)
	at org.apache.catalina.core.ApplicationFilterChain.doFilter(ApplicationFilterChain.java:149)
	at org.apache.catalina.core.StandardWrapperValve.invoke(StandardWrapperValve.java:166)
	at org.apache.catalina.core.StandardContextValve.invoke(StandardContextValve.java:90)
	at org.apache.catalina.authenticator.AuthenticatorBase.invoke(AuthenticatorBase.java:482)
	at org.apache.catalina.core.StandardHostValve.invoke(StandardHostValve.java:115)
	at org.apache.catalina.valves.ErrorReportValve.invoke(ErrorReportValve.java:93)
	at org.apache.catalina.core.StandardEngineValve.invoke(StandardEngineValve.java:74)
	at org.apache.catalina.connector.CoyoteAdapter.service(CoyoteAdapter.java:341)
	at org.apache.coyote.http11.Http11Processor.service(Http11Processor.java:390)
	at org.apache.coyote.AbstractProcessorLight.process(AbstractProcessorLight.java:63)
	at org.apache.coyote.AbstractProtocol$ConnectionHandler.process(AbstractProtocol.java:894)
	at org.apache.tomcat.util.net.NioEndpoint$SocketProcessor.doRun(NioEndpoint.java:1741)
	at org.apache.tomcat.util.net.SocketProcessorBase.run(SocketProcessorBase.java:52)
	at org.apache.tomcat.util.threads.ThreadPoolExecutor.runWorker(ThreadPoolExecutor.java:1191)
	at org.apache.tomcat.util.threads.ThreadPoolExecutor$Worker.run(ThreadPoolExecutor.java:659)
	at org.apache.tomcat.util.threads.TaskThread$WrappingRunnable.run(TaskThread.java:61)
	at java.base/java.lang.Thread.run(Thread.java:1623)
2023-06-13T21:00:17Z - Restarting due to 1 class path change (0 additions, 0 deletions, 1 modification)
2023-06-13T21:00:17Z - Pausing ProtocolHandler ["http-nio-0.0.0.0-8080"]
2023-06-13T21:00:17Z - Stopping service [Tomcat]
2023-06-13T21:00:17Z - Destroying Spring FrameworkServlet 'dispatcherServlet'
2023-06-13T21:00:17Z - Stopping ProtocolHandler ["http-nio-0.0.0.0-8080"]
2023-06-13T21:00:17Z - Destroying ProtocolHandler ["http-nio-0.0.0.0-8080"]
2023-06-13T21:00:17Z - Starting WeatherApplication using Java 20.0.1 with PID 21676 (C:\Users\Ravi\git\repositoryweather\WeatherApp\target\classes started by Ravi in C:\Users\Ravi\git\repositoryweather\WeatherApp)
2023-06-13T21:00:17Z - No active profile set, falling back to 1 default profile: "default"
2023-06-13T21:00:17Z - Tomcat initialized with port(s): 8080 (http)
2023-06-13T21:00:17Z - Initializing ProtocolHandler ["http-nio-0.0.0.0-8080"]
2023-06-13T21:00:17Z - Starting service [Tomcat]
2023-06-13T21:00:17Z - Starting Servlet engine: [Apache Tomcat/10.1.8]
2023-06-13T21:00:17Z - Initializing Spring embedded WebApplicationContext
2023-06-13T21:00:17Z - Root WebApplicationContext: initialization completed in 219 ms
2023-06-13T21:00:18Z - LiveReload server is running on port 35729
2023-06-13T21:00:18Z - Starting ProtocolHandler ["http-nio-0.0.0.0-8080"]
2023-06-13T21:00:18Z - Tomcat started on port(s): 8080 (http) with context path ''
2023-06-13T21:00:18Z - Started WeatherApplication in 0.349 seconds (process running for 826.096)
2023-06-13T21:00:18Z - Condition evaluation unchanged
2023-06-13T21:00:21Z - Initializing Spring DispatcherServlet 'dispatcherServlet'
2023-06-13T21:00:21Z - Initializing Servlet 'dispatcherServlet'
2023-06-13T21:00:21Z - Completed initialization in 0 ms
2023-06-13T21:00:21Z - City : jaipur
2023-06-13T21:00:21Z - Inside : class com.weather.microservice.WeatherService.WeatherService
2023-06-13T21:00:21Z - API_KEY : f777fa895ebe5cb38334176de19e5693
2023-06-13T21:00:21Z - API_URL : http://api.openweathermap.org/data/2.5/weather
2023-06-13T21:00:21Z - Rest URL : mode=xml?q=http://api.openweathermap.org/data/2.5/weather&appid=jaipur&units=metric&lang=hi
2023-06-13T21:00:21Z - Servlet.service() for servlet [dispatcherServlet] in context with path [] threw exception [Request processing failed: java.lang.IllegalStateException: Target host is null] with root cause
java.lang.IllegalStateException: Target host is null
	at org.apache.http.util.Asserts.notNull(Asserts.java:52)
	at org.apache.http.impl.client.InternalHttpClient.determineRoute(InternalHttpClient.java:125)
	at org.apache.http.impl.client.InternalHttpClient.doExecute(InternalHttpClient.java:185)
	at org.apache.http.impl.client.CloseableHttpClient.execute(CloseableHttpClient.java:82)
	at org.apache.http.impl.client.CloseableHttpClient.execute(CloseableHttpClient.java:106)
	at org.apache.http.impl.client.CloseableHttpClient.execute(CloseableHttpClient.java:57)
	at com.weather.microservice.WeatherService.WeatherService.getWeatherInfo(WeatherService.java:40)
	at com.weather.microservice.WeatherController.WeatherController.getWeather(WeatherController.java:32)
	at java.base/jdk.internal.reflect.DirectMethodHandleAccessor.invoke(DirectMethodHandleAccessor.java:104)
	at java.base/java.lang.reflect.Method.invoke(Method.java:578)
	at org.springframework.web.method.support.InvocableHandlerMethod.doInvoke(InvocableHandlerMethod.java:207)
	at org.springframework.web.method.support.InvocableHandlerMethod.invokeForRequest(InvocableHandlerMethod.java:152)
	at org.springframework.web.servlet.mvc.method.annotation.ServletInvocableHandlerMethod.invokeAndHandle(ServletInvocableHandlerMethod.java:118)
	at org.springframework.web.servlet.mvc.method.annotation.RequestMappingHandlerAdapter.invokeHandlerMethod(RequestMappingHandlerAdapter.java:884)
	at org.springframework.web.servlet.mvc.method.annotation.RequestMappingHandlerAdapter.handleInternal(RequestMappingHandlerAdapter.java:797)
	at org.springframework.web.servlet.mvc.method.AbstractHandlerMethodAdapter.handle(AbstractHandlerMethodAdapter.java:87)
	at org.springframework.web.servlet.DispatcherServlet.doDispatch(DispatcherServlet.java:1081)
	at org.springframework.web.servlet.DispatcherServlet.doService(DispatcherServlet.java:974)
	at org.springframework.web.servlet.FrameworkServlet.processRequest(FrameworkServlet.java:1011)
	at org.springframework.web.servlet.FrameworkServlet.doGet(FrameworkServlet.java:903)
	at jakarta.servlet.http.HttpServlet.service(HttpServlet.java:564)
	at org.springframework.web.servlet.FrameworkServlet.service(FrameworkServlet.java:885)
	at jakarta.servlet.http.HttpServlet.service(HttpServlet.java:658)
	at org.apache.catalina.core.ApplicationFilterChain.internalDoFilter(ApplicationFilterChain.java:205)
	at org.apache.catalina.core.ApplicationFilterChain.doFilter(ApplicationFilterChain.java:149)
	at org.apache.tomcat.websocket.server.WsFilter.doFilter(WsFilter.java:51)
	at org.apache.catalina.core.ApplicationFilterChain.internalDoFilter(ApplicationFilterChain.java:174)
	at org.apache.catalina.core.ApplicationFilterChain.doFilter(ApplicationFilterChain.java:149)
	at org.springframework.web.filter.RequestContextFilter.doFilterInternal(RequestContextFilter.java:100)
	at org.springframework.web.filter.OncePerRequestFilter.doFilter(OncePerRequestFilter.java:116)
	at org.apache.catalina.core.ApplicationFilterChain.internalDoFilter(ApplicationFilterChain.java:174)
	at org.apache.catalina.core.ApplicationFilterChain.doFilter(ApplicationFilterChain.java:149)
	at org.springframework.web.filter.FormContentFilter.doFilterInternal(FormContentFilter.java:93)
	at org.springframework.web.filter.OncePerRequestFilter.doFilter(OncePerRequestFilter.java:116)
	at org.apache.catalina.core.ApplicationFilterChain.internalDoFilter(ApplicationFilterChain.java:174)
	at org.apache.catalina.core.ApplicationFilterChain.doFilter(ApplicationFilterChain.java:149)
	at org.springframework.web.filter.CharacterEncodingFilter.doFilterInternal(CharacterEncodingFilter.java:201)
	at org.springframework.web.filter.OncePerRequestFilter.doFilter(OncePerRequestFilter.java:116)
	at org.apache.catalina.core.ApplicationFilterChain.internalDoFilter(ApplicationFilterChain.java:174)
	at org.apache.catalina.core.ApplicationFilterChain.doFilter(ApplicationFilterChain.java:149)
	at org.apache.catalina.core.StandardWrapperValve.invoke(StandardWrapperValve.java:166)
	at org.apache.catalina.core.StandardContextValve.invoke(StandardContextValve.java:90)
	at org.apache.catalina.authenticator.AuthenticatorBase.invoke(AuthenticatorBase.java:482)
	at org.apache.catalina.core.StandardHostValve.invoke(StandardHostValve.java:115)
	at org.apache.catalina.valves.ErrorReportValve.invoke(ErrorReportValve.java:93)
	at org.apache.catalina.core.StandardEngineValve.invoke(StandardEngineValve.java:74)
	at org.apache.catalina.connector.CoyoteAdapter.service(CoyoteAdapter.java:341)
	at org.apache.coyote.http11.Http11Processor.service(Http11Processor.java:390)
	at org.apache.coyote.AbstractProcessorLight.process(AbstractProcessorLight.java:63)
	at org.apache.coyote.AbstractProtocol$ConnectionHandler.process(AbstractProtocol.java:894)
	at org.apache.tomcat.util.net.NioEndpoint$SocketProcessor.doRun(NioEndpoint.java:1741)
	at org.apache.tomcat.util.net.SocketProcessorBase.run(SocketProcessorBase.java:52)
	at org.apache.tomcat.util.threads.ThreadPoolExecutor.runWorker(ThreadPoolExecutor.java:1191)
	at org.apache.tomcat.util.threads.ThreadPoolExecutor$Worker.run(ThreadPoolExecutor.java:659)
	at org.apache.tomcat.util.threads.TaskThread$WrappingRunnable.run(TaskThread.java:61)
	at java.base/java.lang.Thread.run(Thread.java:1623)
2023-06-13T21:00:38Z - Restarting due to 1 class path change (0 additions, 0 deletions, 1 modification)
2023-06-13T21:00:38Z - Pausing ProtocolHandler ["http-nio-0.0.0.0-8080"]
2023-06-13T21:00:38Z - Stopping service [Tomcat]
2023-06-13T21:00:38Z - Destroying Spring FrameworkServlet 'dispatcherServlet'
2023-06-13T21:00:38Z - Stopping ProtocolHandler ["http-nio-0.0.0.0-8080"]
2023-06-13T21:00:38Z - Destroying ProtocolHandler ["http-nio-0.0.0.0-8080"]
2023-06-13T21:00:38Z - Starting WeatherApplication using Java 20.0.1 with PID 21676 (C:\Users\Ravi\git\repositoryweather\WeatherApp\target\classes started by Ravi in C:\Users\Ravi\git\repositoryweather\WeatherApp)
2023-06-13T21:00:38Z - No active profile set, falling back to 1 default profile: "default"
2023-06-13T21:00:39Z - Tomcat initialized with port(s): 8080 (http)
2023-06-13T21:00:39Z - Initializing ProtocolHandler ["http-nio-0.0.0.0-8080"]
2023-06-13T21:00:39Z - Starting service [Tomcat]
2023-06-13T21:00:39Z - Starting Servlet engine: [Apache Tomcat/10.1.8]
2023-06-13T21:00:39Z - Initializing Spring embedded WebApplicationContext
2023-06-13T21:00:39Z - Root WebApplicationContext: initialization completed in 158 ms
2023-06-13T21:00:39Z - LiveReload server is running on port 35729
2023-06-13T21:00:39Z - Starting ProtocolHandler ["http-nio-0.0.0.0-8080"]
2023-06-13T21:00:39Z - Tomcat started on port(s): 8080 (http) with context path ''
2023-06-13T21:00:39Z - Started WeatherApplication in 0.253 seconds (process running for 847.158)
2023-06-13T21:00:39Z - Condition evaluation unchanged
2023-06-13T21:00:41Z - Initializing Spring DispatcherServlet 'dispatcherServlet'
2023-06-13T21:00:41Z - Initializing Servlet 'dispatcherServlet'
2023-06-13T21:00:41Z - Completed initialization in 0 ms
2023-06-13T21:00:41Z - City : jaipur
2023-06-13T21:00:41Z - Inside : class com.weather.microservice.WeatherService.WeatherService
2023-06-13T21:00:41Z - API_KEY : f777fa895ebe5cb38334176de19e5693
2023-06-13T21:00:41Z - API_URL : http://api.openweathermap.org/data/2.5/weather
2023-06-13T21:00:41Z - Rest URL : http://api.openweathermap.org/data/2.5/weather?q=jaipur&appid=f777fa895ebe5cb38334176de19e5693&units=metric&lang=hi&mode=xml
2023-06-13T21:00:41Z - Servlet.service() for servlet [dispatcherServlet] in context with path [] threw exception
com.fasterxml.jackson.core.JsonParseException: Unexpected character ('<' (code 60)): expected a valid value (JSON String, Number, Array, Object or token 'null', 'true' or 'false')
 at [Source: (String)"<?xml version="1.0" encoding="UTF-8"?>
<current><city id="1269515" name=""><coord lon="75.8167" lat="26.9167"></coord><country>IN</country><timezone>19800</timezone><sun rise="2023-06-13T00:02:22" set="2023-06-13T13:51:08"></sun></city><temperature value="36.62" min="36.62" max="36.62" unit="celsius"></temperature><feels_like value="38.32" unit="celsius"></feels_like><humidity value="34" unit="%"></humidity><pressure value="1001" unit="hPa"></pressure><wind><speed value="3.09" unit="m/s" na"[truncated 365 chars]; line: 1, column: 2]
	at com.fasterxml.jackson.core.JsonParser._constructError(JsonParser.java:2477)
	at com.fasterxml.jackson.core.base.ParserMinimalBase._reportError(ParserMinimalBase.java:750)
	at com.fasterxml.jackson.core.base.ParserMinimalBase._reportUnexpectedChar(ParserMinimalBase.java:674)
	at com.fasterxml.jackson.core.json.ReaderBasedJsonParser._handleOddValue(ReaderBasedJsonParser.java:2085)
	at com.fasterxml.jackson.core.json.ReaderBasedJsonParser.nextToken(ReaderBasedJsonParser.java:808)
	at com.fasterxml.jackson.databind.ObjectMapper._initForReading(ObjectMapper.java:4912)
	at com.fasterxml.jackson.databind.ObjectMapper._readMapAndClose(ObjectMapper.java:4818)
	at com.fasterxml.jackson.databind.ObjectMapper.readValue(ObjectMapper.java:3772)
	at com.fasterxml.jackson.databind.ObjectMapper.readValue(ObjectMapper.java:3740)
	at com.weather.microservice.WeatherService.WeatherService.getWeatherInfo(WeatherService.java:44)
	at com.weather.microservice.WeatherController.WeatherController.getWeather(WeatherController.java:32)
	at java.base/jdk.internal.reflect.DirectMethodHandleAccessor.invoke(DirectMethodHandleAccessor.java:104)
	at java.base/java.lang.reflect.Method.invoke(Method.java:578)
	at org.springframework.web.method.support.InvocableHandlerMethod.doInvoke(InvocableHandlerMethod.java:207)
	at org.springframework.web.method.support.InvocableHandlerMethod.invokeForRequest(InvocableHandlerMethod.java:152)
	at org.springframework.web.servlet.mvc.method.annotation.ServletInvocableHandlerMethod.invokeAndHandle(ServletInvocableHandlerMethod.java:118)
	at org.springframework.web.servlet.mvc.method.annotation.RequestMappingHandlerAdapter.invokeHandlerMethod(RequestMappingHandlerAdapter.java:884)
	at org.springframework.web.servlet.mvc.method.annotation.RequestMappingHandlerAdapter.handleInternal(RequestMappingHandlerAdapter.java:797)
	at org.springframework.web.servlet.mvc.method.AbstractHandlerMethodAdapter.handle(AbstractHandlerMethodAdapter.java:87)
	at org.springframework.web.servlet.DispatcherServlet.doDispatch(DispatcherServlet.java:1081)
	at org.springframework.web.servlet.DispatcherServlet.doService(DispatcherServlet.java:974)
	at org.springframework.web.servlet.FrameworkServlet.processRequest(FrameworkServlet.java:1011)
	at org.springframework.web.servlet.FrameworkServlet.doGet(FrameworkServlet.java:903)
	at jakarta.servlet.http.HttpServlet.service(HttpServlet.java:564)
	at org.springframework.web.servlet.FrameworkServlet.service(FrameworkServlet.java:885)
	at jakarta.servlet.http.HttpServlet.service(HttpServlet.java:658)
	at org.apache.catalina.core.ApplicationFilterChain.internalDoFilter(ApplicationFilterChain.java:205)
	at org.apache.catalina.core.ApplicationFilterChain.doFilter(ApplicationFilterChain.java:149)
	at org.apache.tomcat.websocket.server.WsFilter.doFilter(WsFilter.java:51)
	at org.apache.catalina.core.ApplicationFilterChain.internalDoFilter(ApplicationFilterChain.java:174)
	at org.apache.catalina.core.ApplicationFilterChain.doFilter(ApplicationFilterChain.java:149)
	at org.springframework.web.filter.RequestContextFilter.doFilterInternal(RequestContextFilter.java:100)
	at org.springframework.web.filter.OncePerRequestFilter.doFilter(OncePerRequestFilter.java:116)
	at org.apache.catalina.core.ApplicationFilterChain.internalDoFilter(ApplicationFilterChain.java:174)
	at org.apache.catalina.core.ApplicationFilterChain.doFilter(ApplicationFilterChain.java:149)
	at org.springframework.web.filter.FormContentFilter.doFilterInternal(FormContentFilter.java:93)
	at org.springframework.web.filter.OncePerRequestFilter.doFilter(OncePerRequestFilter.java:116)
	at org.apache.catalina.core.ApplicationFilterChain.internalDoFilter(ApplicationFilterChain.java:174)
	at org.apache.catalina.core.ApplicationFilterChain.doFilter(ApplicationFilterChain.java:149)
	at org.springframework.web.filter.CharacterEncodingFilter.doFilterInternal(CharacterEncodingFilter.java:201)
	at org.springframework.web.filter.OncePerRequestFilter.doFilter(OncePerRequestFilter.java:116)
	at org.apache.catalina.core.ApplicationFilterChain.internalDoFilter(ApplicationFilterChain.java:174)
	at org.apache.catalina.core.ApplicationFilterChain.doFilter(ApplicationFilterChain.java:149)
	at org.apache.catalina.core.StandardWrapperValve.invoke(StandardWrapperValve.java:166)
	at org.apache.catalina.core.StandardContextValve.invoke(StandardContextValve.java:90)
	at org.apache.catalina.authenticator.AuthenticatorBase.invoke(AuthenticatorBase.java:482)
	at org.apache.catalina.core.StandardHostValve.invoke(StandardHostValve.java:115)
	at org.apache.catalina.valves.ErrorReportValve.invoke(ErrorReportValve.java:93)
	at org.apache.catalina.core.StandardEngineValve.invoke(StandardEngineValve.java:74)
	at org.apache.catalina.connector.CoyoteAdapter.service(CoyoteAdapter.java:341)
	at org.apache.coyote.http11.Http11Processor.service(Http11Processor.java:390)
	at org.apache.coyote.AbstractProcessorLight.process(AbstractProcessorLight.java:63)
	at org.apache.coyote.AbstractProtocol$ConnectionHandler.process(AbstractProtocol.java:894)
	at org.apache.tomcat.util.net.NioEndpoint$SocketProcessor.doRun(NioEndpoint.java:1741)
	at org.apache.tomcat.util.net.SocketProcessorBase.run(SocketProcessorBase.java:52)
	at org.apache.tomcat.util.threads.ThreadPoolExecutor.runWorker(ThreadPoolExecutor.java:1191)
	at org.apache.tomcat.util.threads.ThreadPoolExecutor$Worker.run(ThreadPoolExecutor.java:659)
	at org.apache.tomcat.util.threads.TaskThread$WrappingRunnable.run(TaskThread.java:61)
	at java.base/java.lang.Thread.run(Thread.java:1623)
2023-06-13T21:01:43Z - Application shutdown requested.
2023-06-13T21:01:43Z - Pausing ProtocolHandler ["http-nio-0.0.0.0-8080"]
2023-06-13T21:01:43Z - Stopping service [Tomcat]
2023-06-13T21:01:43Z - Destroying Spring FrameworkServlet 'dispatcherServlet'
2023-06-13T21:01:43Z - Stopping ProtocolHandler ["http-nio-0.0.0.0-8080"]
2023-06-13T21:01:43Z - Destroying ProtocolHandler ["http-nio-0.0.0.0-8080"]
2023-06-13T21:04:04Z - Starting WeatherApplication using Java 20.0.1 with PID 29032 (C:\Users\Ravi\git\repositoryweather\WeatherApp\target\classes started by Ravi in C:\Users\Ravi\git\repositoryweather\WeatherApp)
2023-06-13T21:04:04Z - No active profile set, falling back to 1 default profile: "default"
2023-06-13T21:04:04Z - Devtools property defaults active! Set 'spring.devtools.add-properties' to 'false' to disable
2023-06-13T21:04:04Z - For additional web related logging consider setting the 'logging.level.web' property to 'DEBUG'
2023-06-13T21:04:05Z - Tomcat initialized with port(s): 8080 (http)
2023-06-13T21:04:05Z - Initializing ProtocolHandler ["http-nio-0.0.0.0-8080"]
2023-06-13T21:04:05Z - Starting service [Tomcat]
2023-06-13T21:04:05Z - Starting Servlet engine: [Apache Tomcat/10.1.8]
2023-06-13T21:04:05Z - Initializing Spring embedded WebApplicationContext
2023-06-13T21:04:05Z - Root WebApplicationContext: initialization completed in 795 ms
2023-06-13T21:04:06Z - LiveReload server is running on port 35729
2023-06-13T21:04:06Z - Starting ProtocolHandler ["http-nio-0.0.0.0-8080"]
2023-06-13T21:04:06Z - Tomcat started on port(s): 8080 (http) with context path ''
2023-06-13T21:04:06Z - Started WeatherApplication in 1.532 seconds (process running for 2.298)
2023-06-13T21:04:08Z - Initializing Spring DispatcherServlet 'dispatcherServlet'
2023-06-13T21:04:08Z - Initializing Servlet 'dispatcherServlet'
2023-06-13T21:04:08Z - Completed initialization in 2 ms
2023-06-13T21:04:08Z - City : jaipur
2023-06-13T21:04:08Z - Inside : class com.weather.microservice.WeatherService.WeatherService
2023-06-13T21:04:08Z - API_KEY : f777fa895ebe5cb38334176de19e5693
2023-06-13T21:04:08Z - API_URL : http://api.openweathermap.org/data/2.5/weather
2023-06-13T21:04:08Z - Rest URL : http://api.openweathermap.org/data/2.5/weather?q=jaipur&appid=f777fa895ebe5cb38334176de19e5693&units=metric&lang=hi
2023-06-13T21:04:09Z - Weather info fetched for JAIPUR
2023-06-13T21:04:44Z - Restarting due to 1 class path change (0 additions, 0 deletions, 1 modification)
2023-06-13T21:04:44Z - Pausing ProtocolHandler ["http-nio-0.0.0.0-8080"]
2023-06-13T21:04:44Z - Stopping service [Tomcat]
2023-06-13T21:04:44Z - Destroying Spring FrameworkServlet 'dispatcherServlet'
2023-06-13T21:04:44Z - Stopping ProtocolHandler ["http-nio-0.0.0.0-8080"]
2023-06-13T21:04:44Z - Destroying ProtocolHandler ["http-nio-0.0.0.0-8080"]
2023-06-13T21:04:44Z - Starting WeatherApplication using Java 20.0.1 with PID 29032 (C:\Users\Ravi\git\repositoryweather\WeatherApp\target\classes started by Ravi in C:\Users\Ravi\git\repositoryweather\WeatherApp)
2023-06-13T21:04:44Z - No active profile set, falling back to 1 default profile: "default"
2023-06-13T21:04:44Z - Tomcat initialized with port(s): 8080 (http)
2023-06-13T21:04:44Z - Initializing ProtocolHandler ["http-nio-0.0.0.0-8080"]
2023-06-13T21:04:44Z - Starting service [Tomcat]
2023-06-13T21:04:44Z - Starting Servlet engine: [Apache Tomcat/10.1.8]
2023-06-13T21:04:44Z - Initializing Spring embedded WebApplicationContext
2023-06-13T21:04:44Z - Root WebApplicationContext: initialization completed in 216 ms
2023-06-13T21:04:44Z - LiveReload server is running on port 35729
2023-06-13T21:04:44Z - Starting ProtocolHandler ["http-nio-0.0.0.0-8080"]
2023-06-13T21:04:44Z - Tomcat started on port(s): 8080 (http) with context path ''
2023-06-13T21:04:44Z - Started WeatherApplication in 0.341 seconds (process running for 40.918)
2023-06-13T21:04:44Z - Condition evaluation unchanged
2023-06-13T21:04:46Z - Initializing Spring DispatcherServlet 'dispatcherServlet'
2023-06-13T21:04:46Z - Initializing Servlet 'dispatcherServlet'
2023-06-13T21:04:46Z - Completed initialization in 0 ms
2023-06-13T21:04:46Z - City : jaipur
2023-06-13T21:04:46Z - Inside : class com.weather.microservice.WeatherService.WeatherService
2023-06-13T21:04:46Z - API_KEY : f777fa895ebe5cb38334176de19e5693
2023-06-13T21:04:46Z - API_URL : http://api.openweathermap.org/data/2.5/weather
2023-06-13T21:04:46Z - Rest URL : http://api.openweathermap.org/data/2.5/weather?q=jaipur&appid=f777fa895ebe5cb38334176de19e5693&units=metric&lang=en
2023-06-13T21:04:47Z - Weather info fetched for JAIPUR
2023-06-13T21:09:14Z - Application shutdown requested.
2023-06-13T21:09:14Z - Pausing ProtocolHandler ["http-nio-0.0.0.0-8080"]
2023-06-13T21:09:14Z - Stopping service [Tomcat]
2023-06-13T21:09:14Z - Destroying Spring FrameworkServlet 'dispatcherServlet'
2023-06-13T21:09:14Z - Stopping ProtocolHandler ["http-nio-0.0.0.0-8080"]
2023-06-13T21:09:14Z - Destroying ProtocolHandler ["http-nio-0.0.0.0-8080"]
