2023-06-19T10:20:22Z - Starting WeatherApplication v0.0.1-SNAPSHOT using Java 20.0.1 with PID 37640 (C:\Ravindra\weather\weather\artifactory\weatherapp-0.0.1-SNAPSHOT.jar started by Ravi in C:\Ravindra\weather\weather\artifactory)
2023-06-19T10:20:22Z - No active profile set, falling back to 1 default profile: "default"
2023-06-19T10:20:23Z - Tomcat initialized with port(s): 8082 (http)
2023-06-19T10:20:23Z - Initializing ProtocolHandler ["http-nio-0.0.0.0-8082"]
2023-06-19T10:20:23Z - Starting service [Tomcat]
2023-06-19T10:20:23Z - Starting Servlet engine: [Apache Tomcat/10.1.8]
2023-06-19T10:20:23Z - Initializing Spring embedded WebApplicationContext
2023-06-19T10:20:23Z - Root WebApplicationContext: initialization completed in 1541 ms
2023-06-19T10:20:24Z - Starting ProtocolHandler ["http-nio-0.0.0.0-8082"]
2023-06-19T10:20:24Z - Tomcat started on port(s): 8082 (http) with context path ''
2023-06-19T10:20:24Z - Started WeatherApplication in 2.772 seconds (process running for 3.75)
2023-06-19T10:20:56Z - Starting WeatherApplication v0.0.1-SNAPSHOT using Java 20.0.1 with PID 35284 (C:\Ravindra\weather\weather\artifactory\weatherapp-0.0.1-SNAPSHOT.jar started by Ravi in C:\Ravindra\weather\weather\artifactory)
2023-06-19T10:20:56Z - No active profile set, falling back to 1 default profile: "default"
2023-06-19T10:20:57Z - Tomcat initialized with port(s): 8082 (http)
2023-06-19T10:20:57Z - Initializing ProtocolHandler ["http-nio-0.0.0.0-8082"]
2023-06-19T10:20:57Z - Starting service [Tomcat]
2023-06-19T10:20:57Z - Starting Servlet engine: [Apache Tomcat/10.1.8]
2023-06-19T10:20:57Z - Initializing Spring embedded WebApplicationContext
2023-06-19T10:20:57Z - Root WebApplicationContext: initialization completed in 1297 ms
2023-06-19T10:20:58Z - Starting ProtocolHandler ["http-nio-0.0.0.0-8082"]
2023-06-19T10:20:58Z - Tomcat started on port(s): 8082 (http) with context path ''
2023-06-19T10:20:58Z - Started WeatherApplication in 2.552 seconds (process running for 3.529)
2023-06-19T10:23:22Z - Starting WeatherApplication v0.0.1-SNAPSHOT using Java 20.0.1 with PID 33772 (C:\Ravindra\weather\weather\artifactory\weatherapp-0.0.1-SNAPSHOT.jar started by Ravi in C:\Ravindra\weather\weather\artifactory)
2023-06-19T10:23:22Z - No active profile set, falling back to 1 default profile: "default"
2023-06-19T10:23:24Z - Tomcat initialized with port(s): 8082 (http)
2023-06-19T10:23:24Z - Initializing ProtocolHandler ["http-nio-0.0.0.0-8082"]
2023-06-19T10:23:24Z - Starting service [Tomcat]
2023-06-19T10:23:24Z - Starting Servlet engine: [Apache Tomcat/10.1.8]
2023-06-19T10:23:24Z - Initializing Spring embedded WebApplicationContext
2023-06-19T10:23:24Z - Root WebApplicationContext: initialization completed in 1549 ms
2023-06-19T10:23:25Z - Starting ProtocolHandler ["http-nio-0.0.0.0-8082"]
2023-06-19T10:23:25Z - Tomcat started on port(s): 8082 (http) with context path ''
2023-06-19T10:23:25Z - Started WeatherApplication in 2.846 seconds (process running for 3.784)
2023-06-19T10:27:30Z - Starting WeatherApplication v0.0.1-SNAPSHOT using Java 20.0.1 with PID 26800 (C:\Ravindra\weather\weather\artifactory\weatherapp-0.0.1-SNAPSHOT.jar started by Ravi in C:\Ravindra\weather\weather\artifactory)
2023-06-19T10:27:30Z - No active profile set, falling back to 1 default profile: "default"
2023-06-19T10:27:32Z - Tomcat initialized with port(s): 8082 (http)
2023-06-19T10:27:32Z - Initializing ProtocolHandler ["http-nio-0.0.0.0-8082"]
2023-06-19T10:27:32Z - Starting service [Tomcat]
2023-06-19T10:27:32Z - Starting Servlet engine: [Apache Tomcat/10.1.8]
2023-06-19T10:27:32Z - Initializing Spring embedded WebApplicationContext
2023-06-19T10:27:32Z - Root WebApplicationContext: initialization completed in 1571 ms
2023-06-19T10:27:32Z - Starting ProtocolHandler ["http-nio-0.0.0.0-8082"]
2023-06-19T10:27:32Z - Tomcat started on port(s): 8082 (http) with context path ''
2023-06-19T10:27:32Z - Started WeatherApplication in 2.908 seconds (process running for 3.839)
2023-06-19T10:27:36Z - Initializing Spring DispatcherServlet 'dispatcherServlet'
2023-06-19T10:27:36Z - Initializing Servlet 'dispatcherServlet'
2023-06-19T10:27:36Z - Completed initialization in 0 ms
2023-06-19T10:27:36Z - API_KEY : f777fa895ebe5cb38334176de19e5693
2023-06-19T10:27:36Z - API_URL : http://api.openweathermap.org/data/2.5/weather
2023-06-19T10:27:36Z - Rest URL : http://api.openweathermap.org/data/2.5/weather?q=jaipur&appid=f777fa895ebe5cb38334176de19e5693&units=metric&lang=en
2023-06-19T10:27:36Z - response inside class com.weather.microservice.WeatherService.WeatherService: HTTP/1.1 200 OK
2023-06-19T10:32:13Z - Starting WeatherApplication v0.0.1-SNAPSHOT using Java 20.0.1 with PID 22092 (C:\Ravindra\weather\weather\artifactory\weatherapp-0.0.1-SNAPSHOT.jar started by Ravi in C:\Ravindra\weather\weather\artifactory)
2023-06-19T10:32:13Z - No active profile set, falling back to 1 default profile: "default"
2023-06-19T10:32:14Z - Tomcat initialized with port(s): 8082 (http)
2023-06-19T10:32:14Z - Initializing ProtocolHandler ["http-nio-0.0.0.0-8082"]
2023-06-19T10:32:14Z - Starting service [Tomcat]
2023-06-19T10:32:14Z - Starting Servlet engine: [Apache Tomcat/10.1.8]
2023-06-19T10:32:14Z - Initializing Spring embedded WebApplicationContext
2023-06-19T10:32:14Z - Root WebApplicationContext: initialization completed in 1560 ms
2023-06-19T10:32:15Z - Starting ProtocolHandler ["http-nio-0.0.0.0-8082"]
2023-06-19T10:32:15Z - Tomcat started on port(s): 8082 (http) with context path ''
2023-06-19T10:32:15Z - Started WeatherApplication in 2.67 seconds (process running for 3.87)
2023-06-19T10:32:39Z - Starting WeatherApplication v0.0.1-SNAPSHOT using Java 20.0.1 with PID 14896 (C:\Ravindra\weather\weather\artifactory\weatherapp-0.0.1-SNAPSHOT.jar started by Ravi in C:\Ravindra\weather\weather\artifactory)
2023-06-19T10:32:39Z - No active profile set, falling back to 1 default profile: "default"
2023-06-19T10:32:41Z - Tomcat initialized with port(s): 8082 (http)
2023-06-19T10:32:41Z - Initializing ProtocolHandler ["http-nio-0.0.0.0-8082"]
2023-06-19T10:32:41Z - Starting service [Tomcat]
2023-06-19T10:32:41Z - Starting Servlet engine: [Apache Tomcat/10.1.8]
2023-06-19T10:32:41Z - Initializing Spring embedded WebApplicationContext
2023-06-19T10:32:41Z - Root WebApplicationContext: initialization completed in 1449 ms
2023-06-19T10:32:41Z - Starting ProtocolHandler ["http-nio-0.0.0.0-8082"]
2023-06-19T10:32:41Z - Tomcat started on port(s): 8082 (http) with context path ''
2023-06-19T10:32:41Z - Started WeatherApplication in 2.677 seconds (process running for 3.85)
2023-06-19T10:56:06Z - Initializing Spring DispatcherServlet 'dispatcherServlet'
2023-06-19T10:56:06Z - Initializing Servlet 'dispatcherServlet'
2023-06-19T10:56:06Z - Completed initialization in 0 ms
2023-06-19T10:56:06Z - API_KEY : f777fa895ebe5cb38334176de19e5693
2023-06-19T10:56:06Z - API_URL : http://api.openweathermap.org/data/2.5/weather
2023-06-19T10:56:06Z - Rest URL : http://api.openweathermap.org/data/2.5/weather?q=Vidisha&appid=f777fa895ebe5cb38334176de19e5693&units=metric&lang=en
2023-06-19T10:56:09Z - response inside class com.weather.microservice.WeatherService.WeatherService: HTTP/1.1 200 OK
